[26.08.2022 20:08:27] [Info] [registered] /more (Rocket.Unturned.Commands.CommandMore/more)
[26.08.2022 20:08:27] [Info] [registered] /admin (Rocket.Unturned.Commands.CommandAdmin/admin)
[26.08.2022 20:08:27] [Info] [registered] /broadcast (Rocket.Unturned.Commands.CommandBroadcast/broadcast)
[26.08.2022 20:08:27] [Info] [registered] /compass (Rocket.Unturned.Commands.CommandCompass/compass)
[26.08.2022 20:08:27] [Info] [registered] /effect (Rocket.Unturned.Commands.CommandEffect/effect)
[26.08.2022 20:08:27] [Info] [registered] /exit (Rocket.Unturned.Commands.CommandExit/exit)
[26.08.2022 20:08:27] [Info] [registered] /god (Rocket.Unturned.Commands.CommandGod/god)
[26.08.2022 20:08:27] [Info] [registered] /heal (Rocket.Unturned.Commands.CommandHeal/heal)
[26.08.2022 20:08:27] [Info] [registered] /help (Rocket.Unturned.Commands.CommandHelp/help)
[26.08.2022 20:08:27] [Info] [registered] /home (Rocket.Unturned.Commands.CommandHome/home)
[26.08.2022 20:08:27] [Info] [registered] /i (Rocket.Unturned.Commands.CommandI/i)
[26.08.2022 20:08:27] [Info] [registered] /item (Rocket.Unturned.Commands.CommandI/item)
[26.08.2022 20:08:27] [Info] [registered] /investigate (Rocket.Unturned.Commands.CommandInvestigate/investigate)
[26.08.2022 20:08:27] [Info] [registered] /p (Rocket.Unturned.Commands.CommandP/p)
[26.08.2022 20:08:27] [Info] [registered] /permissions (Rocket.Unturned.Commands.CommandP/permissions)
[26.08.2022 20:08:27] [Info] [registered] /rocket (Rocket.Unturned.Commands.CommandRocket/rocket)
[26.08.2022 20:08:27] [Info] [registered] /tp (Rocket.Unturned.Commands.CommandTp/tp)
[26.08.2022 20:08:27] [Info] [registered] /tphere (Rocket.Unturned.Commands.CommandTphere/tphere)
[26.08.2022 20:08:27] [Info] [registered] /unadmin (Rocket.Unturned.Commands.CommandUnadmin/unadmin)
[26.08.2022 20:08:27] [Info] [registered] /v (Rocket.Unturned.Commands.CommandV/v)
[26.08.2022 20:08:27] [Info] [registered] /vanish (Rocket.Unturned.Commands.CommandVanish/vanish)
[26.08.2022 20:08:27] [Info] Loading AdvancedChat from D:\Steam\steamapps\common\U3DS\Servers\AdmireRP\Rocket\Plugins\AdvancedChat.dll
[26.08.2022 20:08:27] [Info] Loading DiagonalZAP from D:\Steam\steamapps\common\U3DS\Servers\AdmireRP\Rocket\Plugins\DiagonalZAP.dll
[26.08.2022 20:08:27] [Info] Loading PlayerReport from D:\Steam\steamapps\common\U3DS\Servers\AdmireRP\Rocket\Plugins\PlayerReport.dll
[26.08.2022 20:08:27] [Info] Loading PoliceSystem from D:\Steam\steamapps\common\U3DS\Servers\AdmireRP\Rocket\Plugins\PoliceSystem.dll
[26.08.2022 20:08:27] [Info] Loading RocketJobs from D:\Steam\steamapps\common\U3DS\Servers\AdmireRP\Rocket\Plugins\RocketJobs.dll
[26.08.2022 20:08:27] [Info] Loading RocketTools from D:\Steam\steamapps\common\U3DS\Servers\AdmireRP\Rocket\Plugins\RocketTools.dll
[26.08.2022 20:08:27] [Info] Loading TaserPlugin from D:\Steam\steamapps\common\U3DS\Servers\AdmireRP\Rocket\Plugins\TaserPlugin.dll
[26.08.2022 20:08:27] [Info] Loading TNTCHAT from D:\Steam\steamapps\common\U3DS\Servers\AdmireRP\Rocket\Plugins\TNTCHAT.dll
[26.08.2022 20:08:27] [Info] Loading Uconomy from D:\Steam\steamapps\common\U3DS\Servers\AdmireRP\Rocket\Plugins\Uconomy.dll
[26.08.2022 20:08:28] [Info] Loading uEssentials from D:\Steam\steamapps\common\U3DS\Servers\AdmireRP\Rocket\Plugins\uEssentials.dll
[26.08.2022 20:08:28] [Info] Loading ZaupShop from D:\Steam\steamapps\common\U3DS\Servers\AdmireRP\Rocket\Plugins\ZaupShop.dll
[26.08.2022 20:08:28] [Info] Loading ZaupUconomyEssentials from D:\Steam\steamapps\common\U3DS\Servers\AdmireRP\Rocket\Plugins\ZaupUconomyEssentials.dll
[26.08.2022 20:08:28] [Info] 
[loading] AdvancedChat
[26.08.2022 20:08:28] [Info] [registered] /cwarns (AdvancedChat.CWarnsCommand/cwarns)
[26.08.2022 20:08:28] [Info] [registered] /mute (AdvancedChat.MuteCommand/mute)
[26.08.2022 20:08:28] [Info] [registered] /unmute (AdvancedChat.UnmuteCommand/unmute)
[26.08.2022 20:08:28] [Info] AdvancedChat >> AdvancedChat plugin loaded!
[26.08.2022 20:08:28] [Info] AdvancedChat >> Broadcast mute: True
[26.08.2022 20:08:28] [Info] AdvancedChat >> Broadcast unmute: True
[26.08.2022 20:08:28] [Info] AdvancedChat >> Warnings before mute: 5
[26.08.2022 20:08:28] [Info] AdvancedChat >> AutoMute duration: 60
[26.08.2022 20:08:28] [Info] AdvancedChat >> Created by Brinza Bezrukoff
[26.08.2022 20:08:28] [Info] AdvancedChat >> Vk: vk.com/brinza888
[26.08.2022 20:08:28] [Info] AdvancedChat >> Mail: bezrukoff888@gmail.com
[26.08.2022 20:08:28] [Info] 
[loading] DiagonalZAP
[26.08.2022 20:08:28] [Info] [registered] /r (Diagonal.ZAP.CommandReply/r)
[26.08.2022 20:08:28] [Info] [registered] /sms (Diagonal.ZAP.CommandSMS/sms)
[26.08.2022 20:08:28] [Info] 
[loading] PlayerReport
[26.08.2022 20:08:28] [Info] [registered] /report (RG.PlayerReport.CommandReport/report)
[26.08.2022 20:08:28] [Info] [registered] /reports (RG.PlayerReport.CommandReports/reports)
[26.08.2022 20:08:28] [Info] PlayerReport >> Connecting the database ...
[26.08.2022 20:08:28] [Info] PlayerReport >> Successful connection!
[26.08.2022 20:08:28] [Info] PlayerReport >> Report Plugin has been loaded with MySQL!
[26.08.2022 20:08:28] [Info] 
[loading] PoliceSystem
[26.08.2022 20:08:28] [Info] [registered] /position (JailTime2.Core.Commands.CurrentPositionCommand/position)
[26.08.2022 20:08:28] [Info] [registered] /pos (JailTime2.Core.Commands.CurrentPositionCommand/pos)
[26.08.2022 20:08:28] [Info] [registered] /jailc (JailTime2.Core.Commands.JailCommandsCommand/jailc)
[26.08.2022 20:08:28] [Info] [registered] /jailtime (JailTime2.Core.Commands.RemainingTimeJailCommand/jailtime)
[26.08.2022 20:08:28] [Info] [registered] /unhandcuff (JailTime2.Core.Commands.UnHandcuffCommand/unhandcuff)
[26.08.2022 20:08:28] [Info] [registered] /addcell (JailTime2.Core.Commands.Jail.AddCellCommand/addcell)
[26.08.2022 20:08:28] [Info] [registered] /add (JailTime2.Core.Commands.Jail.AddCellCommand/add)
[26.08.2022 20:08:28] [Info] [registered] /handcuff (JailTime2.Core.Commands.Jail.HandcuffCommand/handcuff)
[26.08.2022 20:08:28] [Info] [registered] /jail (JailTime2.Core.Commands.Jail.JailPlayerCommand/jail)
[26.08.2022 20:08:28] [Info] [registered] /removecell (JailTime2.Core.Commands.Jail.RemoveCellCommand/removecell)
[26.08.2022 20:08:28] [Info] [registered] //rc (JailTime2.Core.Commands.Jail.RemoveCellCommand//rc)
[26.08.2022 20:08:28] [Info] [registered] /cells (JailTime2.Core.Commands.Jail.ShowCellsCommand/cells)
[26.08.2022 20:08:28] [Info] [registered] /unjail (JailTime2.Core.Commands.Jail.UnJailPlayerCommand/unjail)
[26.08.2022 20:08:28] [Info] [registered] /ur (JailTime2.Core.Commands.Jail.UnJailPlayerCommand/ur)
[26.08.2022 20:08:28] [Info] 
[loading] RocketJobs
[26.08.2022 20:08:28] [Info] [registered] /acceptjob (Rocket_Jobs.CommandJobAccept/AcceptJob)
[26.08.2022 20:08:28] [Info] [registered] /aj (Rocket_Jobs.CommandJobAccept/AJ)
[26.08.2022 20:08:28] [Info] [registered] /ajob (Rocket_Jobs.CommandJobAccept/AJob)
[26.08.2022 20:08:28] [Info] [registered] /acceptj (Rocket_Jobs.CommandJobAccept/AcceptJ)
[26.08.2022 20:08:28] [Info] [registered] /jobadmin (Rocket_Jobs.CommandJobAdmin/JobAdmin)
[26.08.2022 20:08:28] [Info] [registered] /ja (Rocket_Jobs.CommandJobAdmin/JA)
[26.08.2022 20:08:28] [Info] [registered] /jadmin (Rocket_Jobs.CommandJobAdmin/JAdmin)
[26.08.2022 20:08:28] [Info] [registered] /joba (Rocket_Jobs.CommandJobAdmin/JobA)
[26.08.2022 20:08:28] [Info] [registered] /leavejob (Rocket_Jobs.CommandJobLeave/LeaveJob)
[26.08.2022 20:08:28] [Info] [registered] /ljob (Rocket_Jobs.CommandJobLeave/LJob)
[26.08.2022 20:08:28] [Info] [registered] /leavej (Rocket_Jobs.CommandJobLeave/LeaveJ)
[26.08.2022 20:08:28] [Info] [registered] /joinjob (Rocket_Jobs.CommandJoinApplyJob/JoinJob)
[26.08.2022 20:08:28] [Info] [registered] /jj (Rocket_Jobs.CommandJoinApplyJob/JJ)
[26.08.2022 20:08:28] [Info] [registered] /jjob (Rocket_Jobs.CommandJoinApplyJob/JJob)
[26.08.2022 20:08:28] [Info] [registered] /jobs (Rocket_Jobs.CommandJobs/Jobs)
[26.08.2022 20:08:28] [Info] [registered] /lj (Rocket_Jobs.CommandJobs/LJ)
[26.08.2022 20:08:28] [Info] [registered] /ljobs (Rocket_Jobs.CommandJobs/LJobs)
[26.08.2022 20:08:28] [Info] [registered] /listjobs (Rocket_Jobs.CommandJobs/ListJobs)
[26.08.2022 20:08:28] [Info] RocketJobs >> Jobs, build #6 has been loaded!
[26.08.2022 20:08:28] [Info] 
[loading] RocketTools
[26.08.2022 20:08:28] [Info] [registered] /rocketpermission (Bloodstone.Plugins.RocketTools.CommandRPerm/rocketpermission)
[26.08.2022 20:08:28] [Info] [registered] /rp (Bloodstone.Plugins.RocketTools.CommandRPerm/rp)
[26.08.2022 20:08:28] [Info] [registered] /rpermission (Bloodstone.Plugins.RocketTools.CommandRPerm/rpermission)
[26.08.2022 20:08:28] [Info] [registered] /rperm (Bloodstone.Plugins.RocketTools.CommandRPerm/rperm)
[26.08.2022 20:08:28] [Info] [registered] /rocketp (Bloodstone.Plugins.RocketTools.CommandRPerm/rocketp)
[26.08.2022 20:08:28] [Info] [registered] /rocketperm (Bloodstone.Plugins.RocketTools.CommandRPerm/rocketperm)
[26.08.2022 20:08:28] [Warning] RocketTools by persiafighter, build #4 has been loaded!
[26.08.2022 20:08:28] [Info] 
[loading] TaserPlugin
[26.08.2022 20:08:28] [Info] TaserPlugin >> Loaded TaserPlugin version 1.0.0.8 by Spinkles
[26.08.2022 20:08:28] [Info] 
[loading] TNTCHAT
[26.08.2022 20:08:28] [Info] [registered] /do (Ryan-_-Borland_Protector_v1fRyan-_-Borland_Protector_v1/do)
[26.08.2022 20:08:28] [Info] [registered] /nrp (Ryan-_-Borland_Protector_v1gRyan-_-Borland_Protector_v1/nrp)
[26.08.2022 20:08:28] [Info] 
[loading] Uconomy
[26.08.2022 20:08:28] [Info] [registered] /balance (fr34kyn01535.Uconomy.CommandBalance/balance)
[26.08.2022 20:08:28] [Info] [registered] /pay (fr34kyn01535.Uconomy.CommandPay/pay)
[26.08.2022 20:08:28] [Info] 
[loading] uEssentials
[26.08.2022 20:08:28] [Info] 
[loading] ZaupShop
[26.08.2022 20:08:28] [Info] [registered] /buy (ZaupShop.CommandBuy/buy)
[26.08.2022 20:08:28] [Info] [registered] /cost (ZaupShop.CommandCost/cost)
[26.08.2022 20:08:28] [Info] [registered] /sell (ZaupShop.CommandSell/sell)
[26.08.2022 20:08:28] [Info] [registered] /shop (ZaupShop.CommandShop/shop)
[26.08.2022 20:08:28] [Info] 
[loading] ZaupUconomyEssentials
[26.08.2022 20:08:28] [Info] [registered] /apay (ZaupUconomyEssentials.CommandApay/apay)
[26.08.2022 20:08:28] [Info] [registered] /exchange (ZaupUconomyEssentials.CommandExchange/exchange)
[26.08.2022 20:08:28] [Info] UnityEngine.CoreModule >> Adding UnturnedPlayerComponent: PlayerUe
[26.08.2022 20:08:28] [Info] This server will automatically save every 1800 seconds
[26.08.2022 20:08:28] [Info] Steam servers ready!
[26.08.2022 20:08:28] [Info] Workshop install folder: D:\Steam\steamapps\common\U3DS/Servers/AdmireRP/Workshop/Steam
[26.08.2022 20:08:28] [Info] 0 workshop item(s) requested
[26.08.2022 20:08:28] [Info] Loading level: 8%
[26.08.2022 20:08:29] [Info] Loading level: 16%
[26.08.2022 20:08:29] [Info] Loading level: 25%
[26.08.2022 20:08:29] [Info] Loading level: 33%
[26.08.2022 20:08:29] [Info] Loading level: 41%
[26.08.2022 20:08:29] [Info] Loading level: 50%
[26.08.2022 20:08:29] [Info] Loading level: 58%
[26.08.2022 20:08:29] [Info] Loading level: 66%
[26.08.2022 20:08:29] [Info] Loading level: 75%
[26.08.2022 20:08:29] [Info] Loading level: 83%
[26.08.2022 20:08:29] [Info] Loading level: 91%
[26.08.2022 20:08:29] [Info] Loading level: 100%
[26.08.2022 20:08:44] [Info] Connecting: PlayerID: 76561198840708393 Name: Инкогнит Character: [Бандит] Incognit
[26.08.2022 20:08:48] [Warning] [Бандит] Incognit connected with IP 26.142.254.143
[26.08.2022 20:08:48] [Info] [World] [Бандит] Incognit [Инкогнит]: "/day"
[26.08.2022 20:08:51] [Info] Successfully set time to day!
[26.08.2022 20:08:51] [Info] [World] [Бандит] Incognit [Инкогнит]: "/give 1023"
[26.08.2022 20:09:45] [Info] Successfully gave Инкогнит 1023 x1!
[26.08.2022 20:09:45] [Error] Error in MulticastDelegate OnPlayerGetDamage: System.Reflection.TargetInvocationException: Exception has been thrown by the target of an invocation. ---> System.NullReferenceException: Object reference not set to an instance of an object
  at Rocket.Unturned.Player.UnturnedPlayer.get_IsAdmin () [0x00000] in <e60bee30f4414fd983244834232de1cf>:0 
  at Rocket.Core.Permissions.RocketPermissionsHelper.HasPermission (Rocket.API.IRocketPlayer player, System.Collections.Generic.List`1[T] requestedPermissions) [0x00000] in <59a13feb721848c8b0cd173f6d0e820b>:0 
  at Rocket.Core.Permissions.RocketPermissionsManager.HasPermission (Rocket.API.IRocketPlayer player, System.Collections.Generic.List`1[T] permissions) [0x00000] in <59a13feb721848c8b0cd173f6d0e820b>:0 
  at Rocket.API.IRocketPermissionsProviderExtensions.HasPermission (Rocket.API.IRocketPermissionsProvider rocketPermissionProvider, Rocket.API.IRocketPlayer player, System.String permission) [0x0000e] in <6a32c977f9c24485b748ca26cecf3105>:0 
  at Rocket.API.IRocketPlayerExtension.HasPermission (Rocket.API.IRocketPlayer player, System.String permission) [0x00000] in <59a13feb721848c8b0cd173f6d0e820b>:0 
  at TaserPlugin.TaserPlugin.OnPlayerDamaged (Rocket.Unturned.Player.UnturnedPlayer player, SDG.Unturned.EDeathCause& cause, SDG.Unturned.ELimb& limb, Rocket.Unturned.Player.UnturnedPlayer& killer, UnityEngine.Vector3& direction, System.Single& damage, System.Single& times, System.Boolean& canDamage) [0x0000f] in <62ef5464da1440e48546a33a03a54cb6>:0 
  at (wrapper managed-to-native) System.Reflection.MonoMethod.InternalInvoke(System.Reflection.MonoMethod,object,object[],System.Exception&)
  at System.Reflection.MonoMethod.Invoke (System.Object obj, System.Reflection.BindingFlags invokeAttr, System.Reflection.Binder binder, System.Object[] parameters, System.Globalization.CultureInfo culture) [0x00032] in <695d1cc93cca45069c528c15c9fdd749>:0 
   --- End of inner exception stack trace ---
  at System.Reflection.MonoMethod.Invoke (System.Object obj, System.Reflection.BindingFlags invokeAttr, System.Reflection.Binder binder, System.Object[] parameters, System.Globalization.CultureInfo culture) [0x00048] in <695d1cc93cca45069c528c15c9fdd749>:0 
  at System.Reflection.MethodBase.Invoke (System.Object obj, System.Object[] parameters) [0x00000] in <695d1cc93cca45069c528c15c9fdd749>:0 
  at System.Delegate.DynamicInvokeImpl (System.Object[] args) [0x000e7] in <695d1cc93cca45069c528c15c9fdd749>:0 
  at System.MulticastDelegate.DynamicInvokeImpl (System.Object[] args) [0x00008] in <695d1cc93cca45069c528c15c9fdd749>:0 
  at System.Delegate.DynamicInvoke (System.Object[] args) [0x00000] in <695d1cc93cca45069c528c15c9fdd749>:0 
  at Rocket.Core.Extensions.MulticastDelegateExtension.TryInvoke (System.MulticastDelegate theDelegate, System.Object[] args) [0x00013] in <59a13feb721848c8b0cd173f6d0e820b>:0 
[26.08.2022 20:09:48] [Error] Error in MulticastDelegate OnPlayerGetDamage: System.Reflection.TargetInvocationException: Exception has been thrown by the target of an invocation. ---> System.NullReferenceException: Object reference not set to an instance of an object
  at Rocket.Unturned.Player.UnturnedPlayer.get_IsAdmin () [0x00000] in <e60bee30f4414fd983244834232de1cf>:0 
  at Rocket.Core.Permissions.RocketPermissionsHelper.HasPermission (Rocket.API.IRocketPlayer player, System.Collections.Generic.List`1[T] requestedPermissions) [0x00000] in <59a13feb721848c8b0cd173f6d0e820b>:0 
  at Rocket.Core.Permissions.RocketPermissionsManager.HasPermission (Rocket.API.IRocketPlayer player, System.Collections.Generic.List`1[T] permissions) [0x00000] in <59a13feb721848c8b0cd173f6d0e820b>:0 
  at Rocket.API.IRocketPermissionsProviderExtensions.HasPermission (Rocket.API.IRocketPermissionsProvider rocketPermissionProvider, Rocket.API.IRocketPlayer player, System.String permission) [0x0000e] in <6a32c977f9c24485b748ca26cecf3105>:0 
  at Rocket.API.IRocketPlayerExtension.HasPermission (Rocket.API.IRocketPlayer player, System.String permission) [0x00000] in <59a13feb721848c8b0cd173f6d0e820b>:0 
  at TaserPlugin.TaserPlugin.OnPlayerDamaged (Rocket.Unturned.Player.UnturnedPlayer player, SDG.Unturned.EDeathCause& cause, SDG.Unturned.ELimb& limb, Rocket.Unturned.Player.UnturnedPlayer& killer, UnityEngine.Vector3& direction, System.Single& damage, System.Single& times, System.Boolean& canDamage) [0x0000f] in <62ef5464da1440e48546a33a03a54cb6>:0 
  at (wrapper managed-to-native) System.Reflection.MonoMethod.InternalInvoke(System.Reflection.MonoMethod,object,object[],System.Exception&)
  at System.Reflection.MonoMethod.Invoke (System.Object obj, System.Reflection.BindingFlags invokeAttr, System.Reflection.Binder binder, System.Object[] parameters, System.Globalization.CultureInfo culture) [0x00032] in <695d1cc93cca45069c528c15c9fdd749>:0 
   --- End of inner exception stack trace ---
  at System.Reflection.MonoMethod.Invoke (System.Object obj, System.Reflection.BindingFlags invokeAttr, System.Reflection.Binder binder, System.Object[] parameters, System.Globalization.CultureInfo culture) [0x00048] in <695d1cc93cca45069c528c15c9fdd749>:0 
  at System.Reflection.MethodBase.Invoke (System.Object obj, System.Object[] parameters) [0x00000] in <695d1cc93cca45069c528c15c9fdd749>:0 
  at System.Delegate.DynamicInvokeImpl (System.Object[] args) [0x000e7] in <695d1cc93cca45069c528c15c9fdd749>:0 
  at System.MulticastDelegate.DynamicInvokeImpl (System.Object[] args) [0x00008] in <695d1cc93cca45069c528c15c9fdd749>:0 
  at System.Delegate.DynamicInvoke (System.Object[] args) [0x00000] in <695d1cc93cca45069c528c15c9fdd749>:0 
  at Rocket.Core.Extensions.MulticastDelegateExtension.TryInvoke (System.MulticastDelegate theDelegate, System.Object[] args) [0x00013] in <59a13feb721848c8b0cd173f6d0e820b>:0 
[26.08.2022 20:10:24] [Error] Error in MulticastDelegate OnPlayerGetDamage: System.Reflection.TargetInvocationException: Exception has been thrown by the target of an invocation. ---> System.NullReferenceException: Object reference not set to an instance of an object
  at Rocket.Unturned.Player.UnturnedPlayer.get_IsAdmin () [0x00000] in <e60bee30f4414fd983244834232de1cf>:0 
  at Rocket.Core.Permissions.RocketPermissionsHelper.HasPermission (Rocket.API.IRocketPlayer player, System.Collections.Generic.List`1[T] requestedPermissions) [0x00000] in <59a13feb721848c8b0cd173f6d0e820b>:0 
  at Rocket.Core.Permissions.RocketPermissionsManager.HasPermission (Rocket.API.IRocketPlayer player, System.Collections.Generic.List`1[T] permissions) [0x00000] in <59a13feb721848c8b0cd173f6d0e820b>:0 
  at Rocket.API.IRocketPermissionsProviderExtensions.HasPermission (Rocket.API.IRocketPermissionsProvider rocketPermissionProvider, Rocket.API.IRocketPlayer player, System.String permission) [0x0000e] in <6a32c977f9c24485b748ca26cecf3105>:0 
  at Rocket.API.IRocketPlayerExtension.HasPermission (Rocket.API.IRocketPlayer player, System.String permission) [0x00000] in <59a13feb721848c8b0cd173f6d0e820b>:0 
  at TaserPlugin.TaserPlugin.OnPlayerDamaged (Rocket.Unturned.Player.UnturnedPlayer player, SDG.Unturned.EDeathCause& cause, SDG.Unturned.ELimb& limb, Rocket.Unturned.Player.UnturnedPlayer& killer, UnityEngine.Vector3& direction, System.Single& damage, System.Single& times, System.Boolean& canDamage) [0x0000f] in <62ef5464da1440e48546a33a03a54cb6>:0 
  at (wrapper managed-to-native) System.Reflection.MonoMethod.InternalInvoke(System.Reflection.MonoMethod,object,object[],System.Exception&)
  at System.Reflection.MonoMethod.Invoke (System.Object obj, System.Reflection.BindingFlags invokeAttr, System.Reflection.Binder binder, System.Object[] parameters, System.Globalization.CultureInfo culture) [0x00032] in <695d1cc93cca45069c528c15c9fdd749>:0 
   --- End of inner exception stack trace ---
  at System.Reflection.MonoMethod.Invoke (System.Object obj, System.Reflection.BindingFlags invokeAttr, System.Reflection.Binder binder, System.Object[] parameters, System.Globalization.CultureInfo culture) [0x00048] in <695d1cc93cca45069c528c15c9fdd749>:0 
  at System.Reflection.MethodBase.Invoke (System.Object obj, System.Object[] parameters) [0x00000] in <695d1cc93cca45069c528c15c9fdd749>:0 
  at System.Delegate.DynamicInvokeImpl (System.Object[] args) [0x000e7] in <695d1cc93cca45069c528c15c9fdd749>:0 
  at System.MulticastDelegate.DynamicInvokeImpl (System.Object[] args) [0x00008] in <695d1cc93cca45069c528c15c9fdd749>:0 
  at System.Delegate.DynamicInvoke (System.Object[] args) [0x00000] in <695d1cc93cca45069c528c15c9fdd749>:0 
  at Rocket.Core.Extensions.MulticastDelegateExtension.TryInvoke (System.MulticastDelegate theDelegate, System.Object[] args) [0x00013] in <59a13feb721848c8b0cd173f6d0e820b>:0 
[26.08.2022 20:10:25] [Error] Error in MulticastDelegate OnPlayerGetDamage: System.Reflection.TargetInvocationException: Exception has been thrown by the target of an invocation. ---> System.NullReferenceException: Object reference not set to an instance of an object
  at Rocket.Unturned.Player.UnturnedPlayer.get_IsAdmin () [0x00000] in <e60bee30f4414fd983244834232de1cf>:0 
  at Rocket.Core.Permissions.RocketPermissionsHelper.HasPermission (Rocket.API.IRocketPlayer player, System.Collections.Generic.List`1[T] requestedPermissions) [0x00000] in <59a13feb721848c8b0cd173f6d0e820b>:0 
  at Rocket.Core.Permissions.RocketPermissionsManager.HasPermission (Rocket.API.IRocketPlayer player, System.Collections.Generic.List`1[T] permissions) [0x00000] in <59a13feb721848c8b0cd173f6d0e820b>:0 
  at Rocket.API.IRocketPermissionsProviderExtensions.HasPermission (Rocket.API.IRocketPermissionsProvider rocketPermissionProvider, Rocket.API.IRocketPlayer player, System.String permission) [0x0000e] in <6a32c977f9c24485b748ca26cecf3105>:0 
  at Rocket.API.IRocketPlayerExtension.HasPermission (Rocket.API.IRocketPlayer player, System.String permission) [0x00000] in <59a13feb721848c8b0cd173f6d0e820b>:0 
  at TaserPlugin.TaserPlugin.OnPlayerDamaged (Rocket.Unturned.Player.UnturnedPlayer player, SDG.Unturned.EDeathCause& cause, SDG.Unturned.ELimb& limb, Rocket.Unturned.Player.UnturnedPlayer& killer, UnityEngine.Vector3& direction, System.Single& damage, System.Single& times, System.Boolean& canDamage) [0x0000f] in <62ef5464da1440e48546a33a03a54cb6>:0 
  at (wrapper managed-to-native) System.Reflection.MonoMethod.InternalInvoke(System.Reflection.MonoMethod,object,object[],System.Exception&)
  at System.Reflection.MonoMethod.Invoke (System.Object obj, System.Reflection.BindingFlags invokeAttr, System.Reflection.Binder binder, System.Object[] parameters, System.Globalization.CultureInfo culture) [0x00032] in <695d1cc93cca45069c528c15c9fdd749>:0 
   --- End of inner exception stack trace ---
  at System.Reflection.MonoMethod.Invoke (System.Object obj, System.Reflection.BindingFlags invokeAttr, System.Reflection.Binder binder, System.Object[] parameters, System.Globalization.CultureInfo culture) [0x00048] in <695d1cc93cca45069c528c15c9fdd749>:0 
  at System.Reflection.MethodBase.Invoke (System.Object obj, System.Object[] parameters) [0x00000] in <695d1cc93cca45069c528c15c9fdd749>:0 
  at System.Delegate.DynamicInvokeImpl (System.Object[] args) [0x000e7] in <695d1cc93cca45069c528c15c9fdd749>:0 
  at System.MulticastDelegate.DynamicInvokeImpl (System.Object[] args) [0x00008] in <695d1cc93cca45069c528c15c9fdd749>:0 
  at System.Delegate.DynamicInvoke (System.Object[] args) [0x00000] in <695d1cc93cca45069c528c15c9fdd749>:0 
  at Rocket.Core.Extensions.MulticastDelegateExtension.TryInvoke (System.MulticastDelegate theDelegate, System.Object[] args) [0x00013] in <59a13feb721848c8b0cd173f6d0e820b>:0 
[26.08.2022 20:10:26] [Error] Error in MulticastDelegate OnPlayerGetDamage: System.Reflection.TargetInvocationException: Exception has been thrown by the target of an invocation. ---> System.NullReferenceException: Object reference not set to an instance of an object
  at Rocket.Unturned.Player.UnturnedPlayer.get_IsAdmin () [0x00000] in <e60bee30f4414fd983244834232de1cf>:0 
  at Rocket.Core.Permissions.RocketPermissionsHelper.HasPermission (Rocket.API.IRocketPlayer player, System.Collections.Generic.List`1[T] requestedPermissions) [0x00000] in <59a13feb721848c8b0cd173f6d0e820b>:0 
  at Rocket.Core.Permissions.RocketPermissionsManager.HasPermission (Rocket.API.IRocketPlayer player, System.Collections.Generic.List`1[T] permissions) [0x00000] in <59a13feb721848c8b0cd173f6d0e820b>:0 
  at Rocket.API.IRocketPermissionsProviderExtensions.HasPermission (Rocket.API.IRocketPermissionsProvider rocketPermissionProvider, Rocket.API.IRocketPlayer player, System.String permission) [0x0000e] in <6a32c977f9c24485b748ca26cecf3105>:0 
  at Rocket.API.IRocketPlayerExtension.HasPermission (Rocket.API.IRocketPlayer player, System.String permission) [0x00000] in <59a13feb721848c8b0cd173f6d0e820b>:0 
  at TaserPlugin.TaserPlugin.OnPlayerDamaged (Rocket.Unturned.Player.UnturnedPlayer player, SDG.Unturned.EDeathCause& cause, SDG.Unturned.ELimb& limb, Rocket.Unturned.Player.UnturnedPlayer& killer, UnityEngine.Vector3& direction, System.Single& damage, System.Single& times, System.Boolean& canDamage) [0x0000f] in <62ef5464da1440e48546a33a03a54cb6>:0 
  at (wrapper managed-to-native) System.Reflection.MonoMethod.InternalInvoke(System.Reflection.MonoMethod,object,object[],System.Exception&)
  at System.Reflection.MonoMethod.Invoke (System.Object obj, System.Reflection.BindingFlags invokeAttr, System.Reflection.Binder binder, System.Object[] parameters, System.Globalization.CultureInfo culture) [0x00032] in <695d1cc93cca45069c528c15c9fdd749>:0 
   --- End of inner exception stack trace ---
  at System.Reflection.MonoMethod.Invoke (System.Object obj, System.Reflection.BindingFlags invokeAttr, System.Reflection.Binder binder, System.Object[] parameters, System.Globalization.CultureInfo culture) [0x00048] in <695d1cc93cca45069c528c15c9fdd749>:0 
  at System.Reflection.MethodBase.Invoke (System.Object obj, System.Object[] parameters) [0x00000] in <695d1cc93cca45069c528c15c9fdd749>:0 
  at System.Delegate.DynamicInvokeImpl (System.Object[] args) [0x000e7] in <695d1cc93cca45069c528c15c9fdd749>:0 
  at System.MulticastDelegate.DynamicInvokeImpl (System.Object[] args) [0x00008] in <695d1cc93cca45069c528c15c9fdd749>:0 
  at System.Delegate.DynamicInvoke (System.Object[] args) [0x00000] in <695d1cc93cca45069c528c15c9fdd749>:0 
  at Rocket.Core.Extensions.MulticastDelegateExtension.TryInvoke (System.MulticastDelegate theDelegate, System.Object[] args) [0x00013] in <59a13feb721848c8b0cd173f6d0e820b>:0 
[26.08.2022 20:12:05] [Info] [World] [Бандит] Incognit [Инкогнит]: "/give 81"
[26.08.2022 20:12:29] [Info] Successfully gave Инкогнит 81 x1!
[26.08.2022 20:12:29] [Info] Disconnecting: PlayerID: 76561198840708393 Name: Инкогнит Character: [Бандит] Incognit
[26.08.2022 20:13:19] [Info] 
[unloading] ZaupShop
