[22.08.2022 18:27:26] [Info] [registered] /more (Rocket.Unturned.Commands.CommandMore/more)
[22.08.2022 18:27:26] [Info] [registered] /admin (Rocket.Unturned.Commands.CommandAdmin/admin)
[22.08.2022 18:27:26] [Info] [registered] /broadcast (Rocket.Unturned.Commands.CommandBroadcast/broadcast)
[22.08.2022 18:27:26] [Info] [registered] /compass (Rocket.Unturned.Commands.CommandCompass/compass)
[22.08.2022 18:27:26] [Info] [registered] /effect (Rocket.Unturned.Commands.CommandEffect/effect)
[22.08.2022 18:27:26] [Info] [registered] /exit (Rocket.Unturned.Commands.CommandExit/exit)
[22.08.2022 18:27:26] [Info] [registered] /god (Rocket.Unturned.Commands.CommandGod/god)
[22.08.2022 18:27:26] [Info] [registered] /heal (Rocket.Unturned.Commands.CommandHeal/heal)
[22.08.2022 18:27:26] [Info] [registered] /help (Rocket.Unturned.Commands.CommandHelp/help)
[22.08.2022 18:27:26] [Info] [registered] /home (Rocket.Unturned.Commands.CommandHome/home)
[22.08.2022 18:27:26] [Info] [registered] /i (Rocket.Unturned.Commands.CommandI/i)
[22.08.2022 18:27:26] [Info] [registered] /item (Rocket.Unturned.Commands.CommandI/item)
[22.08.2022 18:27:26] [Info] [registered] /investigate (Rocket.Unturned.Commands.CommandInvestigate/investigate)
[22.08.2022 18:27:26] [Info] [registered] /p (Rocket.Unturned.Commands.CommandP/p)
[22.08.2022 18:27:26] [Info] [registered] /permissions (Rocket.Unturned.Commands.CommandP/permissions)
[22.08.2022 18:27:26] [Info] [registered] /rocket (Rocket.Unturned.Commands.CommandRocket/rocket)
[22.08.2022 18:27:26] [Info] [registered] /tp (Rocket.Unturned.Commands.CommandTp/tp)
[22.08.2022 18:27:26] [Info] [registered] /tphere (Rocket.Unturned.Commands.CommandTphere/tphere)
[22.08.2022 18:27:26] [Info] [registered] /unadmin (Rocket.Unturned.Commands.CommandUnadmin/unadmin)
[22.08.2022 18:27:26] [Info] [registered] /v (Rocket.Unturned.Commands.CommandV/v)
[22.08.2022 18:27:26] [Info] [registered] /vanish (Rocket.Unturned.Commands.CommandVanish/vanish)
[22.08.2022 18:27:26] [Info] Loading ChatControl from D:\Steam\steamapps\common\U3DS\Servers\AdmireRP\Rocket\Plugins\ChatControl.dll
[22.08.2022 18:27:26] [Info] Loading Duty from D:\Steam\steamapps\common\U3DS\Servers\AdmireRP\Rocket\Plugins\Duty.dll
[22.08.2022 18:27:26] [Info] Loading FeexRanks from D:\Steam\steamapps\common\U3DS\Servers\AdmireRP\Rocket\Plugins\FeexRanks.dll
[22.08.2022 18:27:26] [Info] Loading OOC from D:\Steam\steamapps\common\U3DS\Servers\AdmireRP\Rocket\Plugins\OOC.dll
[22.08.2022 18:27:26] [Info] Loading RocketJobs from D:\Steam\steamapps\common\U3DS\Servers\AdmireRP\Rocket\Plugins\RocketJobs.dll
[22.08.2022 18:27:26] [Info] Loading RocketTools from D:\Steam\steamapps\common\U3DS\Servers\AdmireRP\Rocket\Plugins\RocketTools.dll
[22.08.2022 18:27:26] [Info] Loading Uconomy from D:\Steam\steamapps\common\U3DS\Servers\AdmireRP\Rocket\Plugins\Uconomy.dll
[22.08.2022 18:27:26] [Info] Loading uEssentials from D:\Steam\steamapps\common\U3DS\Servers\AdmireRP\Rocket\Plugins\uEssentials.dll
[22.08.2022 18:27:26] [Info] Loading ZaupUconomyEssentials from D:\Steam\steamapps\common\U3DS\Servers\AdmireRP\Rocket\Plugins\ZaupUconomyEssentials.dll
[22.08.2022 18:27:28] [Info] 
[loading] ChatControl
[22.08.2022 18:27:28] [Info] [registered] /unmute (fr34kyn01535.ChatControl.CommandUnmute/unmute)
[22.08.2022 18:27:28] [Info] [registered] /mute (fr34kyn01535.ChatControl.CommandMute/mute)
[22.08.2022 18:27:28] [Info] UnityEngine.CoreModule >> Adding UnturnedPlayerComponent: ChatControlPlayerComponent
[22.08.2022 18:27:28] [Info] 
[loading] Duty
[22.08.2022 18:27:28] [Info] [registered] /dutycheck (EFG.Duty.CommandDutycheck/DutyCheck)
[22.08.2022 18:27:28] [Info] [registered] /dc (EFG.Duty.CommandDutycheck/dc)
[22.08.2022 18:27:28] [Info] [registered] /duty (EFG.Duty.CommandDuty/duty)
[22.08.2022 18:27:28] [Info] [registered] /d (EFG.Duty.CommandDuty/d)
[22.08.2022 18:27:28] [Warning] Loading event "Player Connected"...
[22.08.2022 18:27:28] [Warning] Loading event "Player Disconnected"...
[22.08.2022 18:27:28] [Warning] 
[22.08.2022 18:27:28] [Warning] Duty has been successfully loaded!
[22.08.2022 18:27:28] [Info] 
[loading] FeexRanks
[22.08.2022 18:27:28] [Info] [registered] /list (Freenex.FeexRanks.Commands.CommandList/list)
[22.08.2022 18:27:28] [Info] [registered] /points (Freenex.FeexRanks.Commands.CommandPoints/points)
[22.08.2022 18:27:28] [Info] [registered] /rank (Freenex.FeexRanks.Commands.CommandRank/rank)
[22.08.2022 18:27:28] [Error] Could not find dependency: MySql.Data.resources, Version=8.0.18.0, Culture=ru-RU, PublicKeyToken=c5687fc88969c44d
[22.08.2022 18:27:28] [Error] Could not find dependency: MySql.Data.resources, Version=8.0.18.0, Culture=ru, PublicKeyToken=c5687fc88969c44d
[22.08.2022 18:27:28] [Error] FeexRanks >> Exception in FeexRanks: MySql.Data.MySqlClient.MySqlException (0x80004005): Authentication to host '127.0.0.1' for user 'unturned' using method 'mysql_native_password' failed with message: Access denied for user 'unturned'@'localhost' (using password: YES) ---> MySql.Data.MySqlClient.MySqlException (0x80004005): Access denied for user 'unturned'@'localhost' (using password: YES)
  at MySql.Data.MySqlClient.MySqlStream.ReadPacket () [0x00096] in <4f93ec5cee7d499da6a85a364813afe3>:0 
  at MySql.Data.MySqlClient.NativeDriver.ReadPacket () [0x00000] in <4f93ec5cee7d499da6a85a364813afe3>:0 
  at MySql.Data.MySqlClient.Authentication.MySqlAuthenticationPlugin.ReadPacket () [0x00000] in <4f93ec5cee7d499da6a85a364813afe3>:0 
  at MySql.Data.MySqlClient.Authentication.MySqlAuthenticationPlugin.AuthenticationFailed (System.Exception ex) [0x0003f] in <4f93ec5cee7d499da6a85a364813afe3>:0 
  at MySql.Data.MySqlClient.Authentication.MySqlAuthenticationPlugin.ReadPacket () [0x0000f] in <4f93ec5cee7d499da6a85a364813afe3>:0 
  at MySql.Data.MySqlClient.Authentication.MySqlAuthenticationPlugin.Authenticate (System.Boolean reset) [0x00097] in <4f93ec5cee7d499da6a85a364813afe3>:0 
  at MySql.Data.MySqlClient.NativeDriver.Authenticate (System.String authMethod, System.Boolean reset) [0x0002a] in <4f93ec5cee7d499da6a85a364813afe3>:0 
  at MySql.Data.MySqlClient.NativeDriver.Open () [0x00360] in <4f93ec5cee7d499da6a85a364813afe3>:0 
  at MySql.Data.MySqlClient.Driver.Open () [0x0000e] in <4f93ec5cee7d499da6a85a364813afe3>:0 
  at MySql.Data.MySqlClient.Driver.Create (MySql.Data.MySqlClient.MySqlConnectionStringBuilder settings) [0x0004e] in <4f93ec5cee7d499da6a85a364813afe3>:0 
  at MySql.Data.MySqlClient.MySqlPool.CreateNewPooledConnection () [0x00006] in <4f93ec5cee7d499da6a85a364813afe3>:0 
  at MySql.Data.MySqlClient.MySqlPool.GetPooledConnection () [0x0008a] in <4f93ec5cee7d499da6a85a364813afe3>:0 
  at MySql.Data.MySqlClient.MySqlPool.TryToGetDriver () [0x0003f] in <4f93ec5cee7d499da6a85a364813afe3>:0 
  at MySql.Data.MySqlClient.MySqlPool.GetConnection () [0x0001c] in <4f93ec5cee7d499da6a85a364813afe3>:0 
  at MySql.Data.MySqlClient.MySqlConnection.Open () [0x001f6] in <4f93ec5cee7d499da6a85a364813afe3>:0 
  at Freenex.FeexRanks.Database.DatabaseManager.ExecuteQuery (Freenex.FeexRanks.Database.EQueryType queryType, System.String query, MySql.Data.MySqlClient.MySqlParameter[] parameters) [0x00044] in <7615aedcb027464da545a4192a287b00>:0 
[22.08.2022 18:27:28] [Error] FeexRanks >> Exception in FeexRanks: MySql.Data.MySqlClient.MySqlException (0x80004005): Authentication to host '127.0.0.1' for user 'unturned' using method 'mysql_native_password' failed with message: Access denied for user 'unturned'@'localhost' (using password: YES) ---> MySql.Data.MySqlClient.MySqlException (0x80004005): Access denied for user 'unturned'@'localhost' (using password: YES)
  at MySql.Data.MySqlClient.MySqlStream.ReadPacket () [0x00096] in <4f93ec5cee7d499da6a85a364813afe3>:0 
  at MySql.Data.MySqlClient.NativeDriver.ReadPacket () [0x00000] in <4f93ec5cee7d499da6a85a364813afe3>:0 
  at MySql.Data.MySqlClient.Authentication.MySqlAuthenticationPlugin.ReadPacket () [0x00000] in <4f93ec5cee7d499da6a85a364813afe3>:0 
  at MySql.Data.MySqlClient.Authentication.MySqlAuthenticationPlugin.AuthenticationFailed (System.Exception ex) [0x0003f] in <4f93ec5cee7d499da6a85a364813afe3>:0 
  at MySql.Data.MySqlClient.Authentication.MySqlAuthenticationPlugin.ReadPacket () [0x0000f] in <4f93ec5cee7d499da6a85a364813afe3>:0 
  at MySql.Data.MySqlClient.Authentication.MySqlAuthenticationPlugin.Authenticate (System.Boolean reset) [0x00097] in <4f93ec5cee7d499da6a85a364813afe3>:0 
  at MySql.Data.MySqlClient.NativeDriver.Authenticate (System.String authMethod, System.Boolean reset) [0x0002a] in <4f93ec5cee7d499da6a85a364813afe3>:0 
  at MySql.Data.MySqlClient.NativeDriver.Open () [0x00360] in <4f93ec5cee7d499da6a85a364813afe3>:0 
  at MySql.Data.MySqlClient.Driver.Open () [0x0000e] in <4f93ec5cee7d499da6a85a364813afe3>:0 
  at MySql.Data.MySqlClient.Driver.Create (MySql.Data.MySqlClient.MySqlConnectionStringBuilder settings) [0x0004e] in <4f93ec5cee7d499da6a85a364813afe3>:0 
  at MySql.Data.MySqlClient.MySqlPool.CreateNewPooledConnection () [0x00006] in <4f93ec5cee7d499da6a85a364813afe3>:0 
  at MySql.Data.MySqlClient.MySqlPool.GetPooledConnection () [0x0008a] in <4f93ec5cee7d499da6a85a364813afe3>:0 
  at MySql.Data.MySqlClient.MySqlPool.TryToGetDriver () [0x0003f] in <4f93ec5cee7d499da6a85a364813afe3>:0 
  at MySql.Data.MySqlClient.MySqlPool.GetConnection () [0x0001c] in <4f93ec5cee7d499da6a85a364813afe3>:0 
  at MySql.Data.MySqlClient.MySqlConnection.Open () [0x001f6] in <4f93ec5cee7d499da6a85a364813afe3>:0 
  at Freenex.FeexRanks.Database.DatabaseManager.ExecuteQuery (Freenex.FeexRanks.Database.EQueryType queryType, System.String query, MySql.Data.MySqlClient.MySqlParameter[] parameters) [0x00044] in <7615aedcb027464da545a4192a287b00>:0 
[22.08.2022 18:27:28] [Info] Freenex's FeexRanks has been loaded!
[22.08.2022 18:27:28] [Info] 
[loading] OOC
[22.08.2022 18:27:28] [Info] [registered] /g (OOC.CommandGlobalOOC/g)
[22.08.2022 18:27:28] [Info] [registered] /gooc (OOC.CommandGlobalOOC/gooc)
[22.08.2022 18:27:28] [Info] [registered] /globalooc (OOC.CommandGlobalOOC/globalooc)
[22.08.2022 18:27:28] [Info] [registered] /b (OOC.CommandOOC/b)
[22.08.2022 18:27:28] [Info] [registered] /ooc (OOC.CommandOOC/ooc)
[22.08.2022 18:27:28] [Info] [registered] /localooc (OOC.CommandOOC/localooc)
[22.08.2022 18:27:28] [Info] OOC >> Plugin loaded!
[22.08.2022 18:27:28] [Info] OOC >> Created by: xXThe_HunterXx
[22.08.2022 18:27:28] [Info] OOC >> If you have an Issue, Write it here:
[22.08.2022 18:27:28] [Info] OOC >> https://github.com/Zerint/OOCChat/issues
[22.08.2022 18:27:28] [Info] 
[loading] RocketJobs
[22.08.2022 18:27:28] [Info] [registered] /acceptjob (Rocket_Jobs.CommandJobAccept/AcceptJob)
[22.08.2022 18:27:28] [Info] [registered] /aj (Rocket_Jobs.CommandJobAccept/AJ)
[22.08.2022 18:27:28] [Info] [registered] /ajob (Rocket_Jobs.CommandJobAccept/AJob)
[22.08.2022 18:27:28] [Info] [registered] /acceptj (Rocket_Jobs.CommandJobAccept/AcceptJ)
[22.08.2022 18:27:28] [Info] [registered] /jobadmin (Rocket_Jobs.CommandJobAdmin/JobAdmin)
[22.08.2022 18:27:28] [Info] [registered] /ja (Rocket_Jobs.CommandJobAdmin/JA)
[22.08.2022 18:27:28] [Info] [registered] /jadmin (Rocket_Jobs.CommandJobAdmin/JAdmin)
[22.08.2022 18:27:28] [Info] [registered] /joba (Rocket_Jobs.CommandJobAdmin/JobA)
[22.08.2022 18:27:28] [Info] [registered] /leavejob (Rocket_Jobs.CommandJobLeave/LeaveJob)
[22.08.2022 18:27:28] [Info] [registered] /ljob (Rocket_Jobs.CommandJobLeave/LJob)
[22.08.2022 18:27:28] [Info] [registered] /leavej (Rocket_Jobs.CommandJobLeave/LeaveJ)
[22.08.2022 18:27:28] [Info] [registered] /joinjob (Rocket_Jobs.CommandJoinApplyJob/JoinJob)
[22.08.2022 18:27:28] [Info] [registered] /jj (Rocket_Jobs.CommandJoinApplyJob/JJ)
[22.08.2022 18:27:28] [Info] [registered] /jjob (Rocket_Jobs.CommandJoinApplyJob/JJob)
[22.08.2022 18:27:28] [Info] [registered] /jobs (Rocket_Jobs.CommandJobs/Jobs)
[22.08.2022 18:27:28] [Info] [registered] /lj (Rocket_Jobs.CommandJobs/LJ)
[22.08.2022 18:27:28] [Info] [registered] /ljobs (Rocket_Jobs.CommandJobs/LJobs)
[22.08.2022 18:27:28] [Info] [registered] /listjobs (Rocket_Jobs.CommandJobs/ListJobs)
[22.08.2022 18:27:28] [Info] RocketJobs >> Jobs, build #6 has been loaded!
[22.08.2022 18:27:28] [Info] 
[loading] RocketTools
[22.08.2022 18:27:28] [Info] [registered] /rocketpermission (Bloodstone.Plugins.RocketTools.CommandRPerm/rocketpermission)
[22.08.2022 18:27:28] [Info] [registered] /rp (Bloodstone.Plugins.RocketTools.CommandRPerm/rp)
[22.08.2022 18:27:28] [Info] [registered] /rpermission (Bloodstone.Plugins.RocketTools.CommandRPerm/rpermission)
[22.08.2022 18:27:28] [Info] [registered] /rperm (Bloodstone.Plugins.RocketTools.CommandRPerm/rperm)
[22.08.2022 18:27:28] [Info] [registered] /rocketp (Bloodstone.Plugins.RocketTools.CommandRPerm/rocketp)
[22.08.2022 18:27:28] [Info] [registered] /rocketperm (Bloodstone.Plugins.RocketTools.CommandRPerm/rocketperm)
[22.08.2022 18:27:28] [Warning] RocketTools by persiafighter, build #4 has been loaded!
[22.08.2022 18:27:28] [Info] 
[loading] Uconomy
[22.08.2022 18:27:28] [Info] [registered] /balance (fr34kyn01535.Uconomy.CommandBalance/balance)
[22.08.2022 18:27:28] [Info] [registered] /pay (fr34kyn01535.Uconomy.CommandPay/pay)
[22.08.2022 18:27:28] [Info] 
[loading] uEssentials
[22.08.2022 18:27:28] [Info] 
[loading] ZaupUconomyEssentials
[22.08.2022 18:27:28] [Info] [registered] /apay (ZaupUconomyEssentials.CommandApay/apay)
[22.08.2022 18:27:28] [Info] [registered] /exchange (ZaupUconomyEssentials.CommandExchange/exchange)
[22.08.2022 18:27:28] [Info] UnityEngine.CoreModule >> Adding UnturnedPlayerComponent: PlayerUe
[22.08.2022 18:27:28] [Info] This server will automatically save every 1800 seconds
[22.08.2022 18:27:28] [Info] Steam servers ready!
[22.08.2022 18:27:28] [Info] Workshop install folder: D:\Steam\steamapps\common\U3DS/Servers/AdmireRP/Workshop/Steam
[22.08.2022 18:27:28] [Info] 0 workshop item(s) requested
[22.08.2022 18:27:28] [Info] Loading level: 8%
[22.08.2022 18:27:29] [Info] Loading level: 16%
[22.08.2022 18:27:29] [Info] Loading level: 25%
[22.08.2022 18:27:29] [Info] Loading level: 33%
[22.08.2022 18:27:29] [Info] Loading level: 41%
[22.08.2022 18:27:29] [Info] Loading level: 50%
[22.08.2022 18:27:29] [Info] Loading level: 58%
[22.08.2022 18:27:29] [Info] Loading level: 66%
[22.08.2022 18:27:29] [Info] Loading level: 75%
[22.08.2022 18:27:29] [Info] Loading level: 83%
[22.08.2022 18:27:29] [Info] Loading level: 91%
[22.08.2022 18:27:29] [Info] Loading level: 100%
[22.08.2022 18:29:16] [Info] Connecting: PlayerID: 76561198840708393 Name: Инкогнит Character: [Бандит] Incognit
[22.08.2022 18:29:16] [Info] Broadcast: [Бандит] Incognit has logged on and is now on duty.
[22.08.2022 18:29:16] [Error] FeexRanks >> Exception in FeexRanks: MySql.Data.MySqlClient.MySqlException (0x80004005): Authentication to host '127.0.0.1' for user 'unturned' using method 'mysql_native_password' failed with message: Access denied for user 'unturned'@'localhost' (using password: YES) ---> MySql.Data.MySqlClient.MySqlException (0x80004005): Access denied for user 'unturned'@'localhost' (using password: YES)
  at MySql.Data.MySqlClient.MySqlStream.ReadPacket () [0x00096] in <4f93ec5cee7d499da6a85a364813afe3>:0 
  at MySql.Data.MySqlClient.NativeDriver.ReadPacket () [0x00000] in <4f93ec5cee7d499da6a85a364813afe3>:0 
  at MySql.Data.MySqlClient.Authentication.MySqlAuthenticationPlugin.ReadPacket () [0x00000] in <4f93ec5cee7d499da6a85a364813afe3>:0 
  at MySql.Data.MySqlClient.Authentication.MySqlAuthenticationPlugin.AuthenticationFailed (System.Exception ex) [0x0003f] in <4f93ec5cee7d499da6a85a364813afe3>:0 
  at MySql.Data.MySqlClient.Authentication.MySqlAuthenticationPlugin.ReadPacket () [0x0000f] in <4f93ec5cee7d499da6a85a364813afe3>:0 
  at MySql.Data.MySqlClient.Authentication.MySqlAuthenticationPlugin.Authenticate (System.Boolean reset) [0x00097] in <4f93ec5cee7d499da6a85a364813afe3>:0 
  at MySql.Data.MySqlClient.NativeDriver.Authenticate (System.String authMethod, System.Boolean reset) [0x0002a] in <4f93ec5cee7d499da6a85a364813afe3>:0 
  at MySql.Data.MySqlClient.NativeDriver.Open () [0x00360] in <4f93ec5cee7d499da6a85a364813afe3>:0 
  at MySql.Data.MySqlClient.Driver.Open () [0x0000e] in <4f93ec5cee7d499da6a85a364813afe3>:0 
  at MySql.Data.MySqlClient.Driver.Create (MySql.Data.MySqlClient.MySqlConnectionStringBuilder settings) [0x0004e] in <4f93ec5cee7d499da6a85a364813afe3>:0 
  at MySql.Data.MySqlClient.MySqlPool.CreateNewPooledConnection () [0x00006] in <4f93ec5cee7d499da6a85a364813afe3>:0 
  at MySql.Data.MySqlClient.MySqlPool.GetPooledConnection () [0x0008a] in <4f93ec5cee7d499da6a85a364813afe3>:0 
  at MySql.Data.MySqlClient.MySqlPool.TryToGetDriver () [0x0003f] in <4f93ec5cee7d499da6a85a364813afe3>:0 
  at MySql.Data.MySqlClient.MySqlPool.GetConnection () [0x0001c] in <4f93ec5cee7d499da6a85a364813afe3>:0 
  at MySql.Data.MySqlClient.MySqlConnection.Open () [0x001f6] in <4f93ec5cee7d499da6a85a364813afe3>:0 
  at Freenex.FeexRanks.Database.DatabaseManager.ExecuteQuery (Freenex.FeexRanks.Database.EQueryType queryType, System.String query, MySql.Data.MySqlClient.MySqlParameter[] parameters) [0x00044] in <7615aedcb027464da545a4192a287b00>:0 
[22.08.2022 18:29:16] [Error] Error in MulticastDelegate PlayerConnected: System.Reflection.TargetInvocationException: Exception has been thrown by the target of an invocation. ---> System.NullReferenceException: Object reference not set to an instance of an object
  at Freenex.FeexRanks.FeexRanks.Events_OnPlayerConnected (Rocket.Unturned.Player.UnturnedPlayer player) [0x00058] in <7615aedcb027464da545a4192a287b00>:0 
  at (wrapper managed-to-native) System.Reflection.MonoMethod.InternalInvoke(System.Reflection.MonoMethod,object,object[],System.Exception&)
  at System.Reflection.MonoMethod.Invoke (System.Object obj, System.Reflection.BindingFlags invokeAttr, System.Reflection.Binder binder, System.Object[] parameters, System.Globalization.CultureInfo culture) [0x00032] in <695d1cc93cca45069c528c15c9fdd749>:0 
   --- End of inner exception stack trace ---
  at System.Reflection.MonoMethod.Invoke (System.Object obj, System.Reflection.BindingFlags invokeAttr, System.Reflection.Binder binder, System.Object[] parameters, System.Globalization.CultureInfo culture) [0x00048] in <695d1cc93cca45069c528c15c9fdd749>:0 
  at System.Reflection.MethodBase.Invoke (System.Object obj, System.Object[] parameters) [0x00000] in <695d1cc93cca45069c528c15c9fdd749>:0 
  at System.Delegate.DynamicInvokeImpl (System.Object[] args) [0x000e7] in <695d1cc93cca45069c528c15c9fdd749>:0 
  at System.MulticastDelegate.DynamicInvokeImpl (System.Object[] args) [0x00008] in <695d1cc93cca45069c528c15c9fdd749>:0 
  at System.Delegate.DynamicInvoke (System.Object[] args) [0x00000] in <695d1cc93cca45069c528c15c9fdd749>:0 
  at Rocket.Core.Extensions.MulticastDelegateExtension.TryInvoke (System.MulticastDelegate theDelegate, System.Object[] args) [0x00013] in <59a13feb721848c8b0cd173f6d0e820b>:0 
[22.08.2022 18:29:16] [Error] FeexRanks >> Exception in FeexRanks: MySql.Data.MySqlClient.MySqlException (0x80004005): Authentication to host '127.0.0.1' for user 'unturned' using method 'mysql_native_password' failed with message: Access denied for user 'unturned'@'localhost' (using password: YES) ---> MySql.Data.MySqlClient.MySqlException (0x80004005): Access denied for user 'unturned'@'localhost' (using password: YES)
  at MySql.Data.MySqlClient.MySqlStream.ReadPacket () [0x00096] in <4f93ec5cee7d499da6a85a364813afe3>:0 
  at MySql.Data.MySqlClient.NativeDriver.ReadPacket () [0x00000] in <4f93ec5cee7d499da6a85a364813afe3>:0 
  at MySql.Data.MySqlClient.Authentication.MySqlAuthenticationPlugin.ReadPacket () [0x00000] in <4f93ec5cee7d499da6a85a364813afe3>:0 
  at MySql.Data.MySqlClient.Authentication.MySqlAuthenticationPlugin.AuthenticationFailed (System.Exception ex) [0x0003f] in <4f93ec5cee7d499da6a85a364813afe3>:0 
  at MySql.Data.MySqlClient.Authentication.MySqlAuthenticationPlugin.ReadPacket () [0x0000f] in <4f93ec5cee7d499da6a85a364813afe3>:0 
  at MySql.Data.MySqlClient.Authentication.MySqlAuthenticationPlugin.Authenticate (System.Boolean reset) [0x00097] in <4f93ec5cee7d499da6a85a364813afe3>:0 
  at MySql.Data.MySqlClient.NativeDriver.Authenticate (System.String authMethod, System.Boolean reset) [0x0002a] in <4f93ec5cee7d499da6a85a364813afe3>:0 
  at MySql.Data.MySqlClient.NativeDriver.Open () [0x00360] in <4f93ec5cee7d499da6a85a364813afe3>:0 
  at MySql.Data.MySqlClient.Driver.Open () [0x0000e] in <4f93ec5cee7d499da6a85a364813afe3>:0 
  at MySql.Data.MySqlClient.Driver.Create (MySql.Data.MySqlClient.MySqlConnectionStringBuilder settings) [0x0004e] in <4f93ec5cee7d499da6a85a364813afe3>:0 
  at MySql.Data.MySqlClient.MySqlPool.CreateNewPooledConnection () [0x00006] in <4f93ec5cee7d499da6a85a364813afe3>:0 
  at MySql.Data.MySqlClient.MySqlPool.GetPooledConnection () [0x0008a] in <4f93ec5cee7d499da6a85a364813afe3>:0 
  at MySql.Data.MySqlClient.MySqlPool.TryToGetDriver () [0x0003f] in <4f93ec5cee7d499da6a85a364813afe3>:0 
  at MySql.Data.MySqlClient.MySqlPool.GetConnection () [0x0001c] in <4f93ec5cee7d499da6a85a364813afe3>:0 
  at MySql.Data.MySqlClient.MySqlConnection.Open () [0x001f6] in <4f93ec5cee7d499da6a85a364813afe3>:0 
  at Freenex.FeexRanks.Database.DatabaseManager.ExecuteQuery (Freenex.FeexRanks.Database.EQueryType queryType, System.String query, MySql.Data.MySqlClient.MySqlParameter[] parameters) [0x00044] in <7615aedcb027464da545a4192a287b00>:0 
[22.08.2022 18:29:19] [Info] [World] [Бандит] Incognit [Инкогнит]: "/b"
[22.08.2022 18:29:22] [Error] An error occured while executing b []: System.IndexOutOfRangeException: Index was outside the bounds of the array.
  at OOC.CommandOOC.Execute (Rocket.API.IRocketPlayer caller, System.String[] command) [0x00000] in <921909d93cd849548265c76024dbb4c6>:0 
  at Rocket.Core.Commands.RocketCommandManager+RegisteredRocketCommand.Execute (Rocket.API.IRocketPlayer caller, System.String[] command) [0x00000] in <59a13feb721848c8b0cd173f6d0e820b>:0 
  at Rocket.Core.Commands.RocketCommandManager.Execute (Rocket.API.IRocketPlayer player, System.String command) [0x00176] in <59a13feb721848c8b0cd173f6d0e820b>:0 
[22.08.2022 18:29:22] [Info] [World] [Бандит] Incognit [Инкогнит]: "/b 1"
[22.08.2022 18:29:26] [Info] [World] [Бандит] Incognit [Инкогнит]: "/b сука"
[22.08.2022 18:29:31] [Info] [World] [Бандит] Incognit [Инкогнит]: "/b точно"
[22.08.2022 18:29:38] [Info] [World] [Бандит] Incognit [Инкогнит]: "/b за что бан"
[22.08.2022 18:29:40] [Info] [World] [Бандит] Incognit [Инкогнит]: "/b за что бан"
[22.08.2022 18:30:13] [Info] [Area] [Бандит] Incognit [Инкогнит]: "#6E6E6E"
[22.08.2022 18:30:18] [Info] [Area] [Бандит] Incognit [Инкогнит]: "/b текст"
[22.08.2022 18:30:27] [Info] [Area] [Бандит] Incognit [Инкогнит]: "/b 123"
[22.08.2022 18:30:30] [Info] [Area] [Бандит] Incognit [Инкогнит]: "/п 123"
[22.08.2022 18:30:33] [Info] [Area] [Бандит] Incognit [Инкогнит]: "/g 123"
[22.08.2022 18:30:40] [Info] [Area] [Бандит] Incognit [Инкогнит]: "/g 123"
[22.08.2022 18:30:42] [Info] [World] [Бандит] Incognit [Инкогнит]: "/g 123"
[22.08.2022 18:30:44] [Info] [Group] [Бандит] Incognit [Инкогнит]: "/g 123"
[22.08.2022 18:31:35] [Info] Broadcast: admin_logout_message
[22.08.2022 18:31:35] [Info] Broadcast: admin_logout_message
[22.08.2022 18:31:36] [Info] Disconnecting: PlayerID: 76561198840708393 Name: Инкогнит Character: [Бандит] Incognit
[22.08.2022 18:31:36] [Info] 
[unloading] FeexRanks
