[22.08.2022 20:07:08] [Info] [registered] /more (Rocket.Unturned.Commands.CommandMore/more)
[22.08.2022 20:07:09] [Info] [registered] /admin (Rocket.Unturned.Commands.CommandAdmin/admin)
[22.08.2022 20:07:09] [Info] [registered] /broadcast (Rocket.Unturned.Commands.CommandBroadcast/broadcast)
[22.08.2022 20:07:09] [Info] [registered] /compass (Rocket.Unturned.Commands.CommandCompass/compass)
[22.08.2022 20:07:09] [Info] [registered] /effect (Rocket.Unturned.Commands.CommandEffect/effect)
[22.08.2022 20:07:09] [Info] [registered] /exit (Rocket.Unturned.Commands.CommandExit/exit)
[22.08.2022 20:07:09] [Info] [registered] /god (Rocket.Unturned.Commands.CommandGod/god)
[22.08.2022 20:07:09] [Info] [registered] /heal (Rocket.Unturned.Commands.CommandHeal/heal)
[22.08.2022 20:07:09] [Info] [registered] /help (Rocket.Unturned.Commands.CommandHelp/help)
[22.08.2022 20:07:09] [Info] [registered] /home (Rocket.Unturned.Commands.CommandHome/home)
[22.08.2022 20:07:09] [Info] [registered] /i (Rocket.Unturned.Commands.CommandI/i)
[22.08.2022 20:07:09] [Info] [registered] /item (Rocket.Unturned.Commands.CommandI/item)
[22.08.2022 20:07:09] [Info] [registered] /investigate (Rocket.Unturned.Commands.CommandInvestigate/investigate)
[22.08.2022 20:07:09] [Info] [registered] /p (Rocket.Unturned.Commands.CommandP/p)
[22.08.2022 20:07:09] [Info] [registered] /permissions (Rocket.Unturned.Commands.CommandP/permissions)
[22.08.2022 20:07:09] [Info] [registered] /rocket (Rocket.Unturned.Commands.CommandRocket/rocket)
[22.08.2022 20:07:09] [Info] [registered] /tp (Rocket.Unturned.Commands.CommandTp/tp)
[22.08.2022 20:07:09] [Info] [registered] /tphere (Rocket.Unturned.Commands.CommandTphere/tphere)
[22.08.2022 20:07:09] [Info] [registered] /unadmin (Rocket.Unturned.Commands.CommandUnadmin/unadmin)
[22.08.2022 20:07:09] [Info] [registered] /v (Rocket.Unturned.Commands.CommandV/v)
[22.08.2022 20:07:09] [Info] [registered] /vanish (Rocket.Unturned.Commands.CommandVanish/vanish)
[22.08.2022 20:07:09] [Info] Loading ChatControl from D:\Steam\steamapps\common\U3DS\Servers\AdmireRP\Rocket\Plugins\ChatControl.dll
[22.08.2022 20:07:09] [Info] Loading Duty from D:\Steam\steamapps\common\U3DS\Servers\AdmireRP\Rocket\Plugins\Duty.dll
[22.08.2022 20:07:09] [Info] Loading FeexRanks from D:\Steam\steamapps\common\U3DS\Servers\AdmireRP\Rocket\Plugins\FeexRanks.dll
[22.08.2022 20:07:09] [Info] Loading RocketJobs from D:\Steam\steamapps\common\U3DS\Servers\AdmireRP\Rocket\Plugins\RocketJobs.dll
[22.08.2022 20:07:09] [Info] Loading RocketTools from D:\Steam\steamapps\common\U3DS\Servers\AdmireRP\Rocket\Plugins\RocketTools.dll
[22.08.2022 20:07:09] [Info] Loading TNTCHAT from D:\Steam\steamapps\common\U3DS\Servers\AdmireRP\Rocket\Plugins\TNTCHAT.dll
[22.08.2022 20:07:09] [Info] Loading Uconomy from D:\Steam\steamapps\common\U3DS\Servers\AdmireRP\Rocket\Plugins\Uconomy.dll
[22.08.2022 20:07:10] [Info] Loading uEssentials from D:\Steam\steamapps\common\U3DS\Servers\AdmireRP\Rocket\Plugins\uEssentials.dll
[22.08.2022 20:07:10] [Info] Loading ZaupUconomyEssentials from D:\Steam\steamapps\common\U3DS\Servers\AdmireRP\Rocket\Plugins\ZaupUconomyEssentials.dll
[22.08.2022 20:07:10] [Info] 
[loading] ChatControl
[22.08.2022 20:07:10] [Info] [registered] /unmute (fr34kyn01535.ChatControl.CommandUnmute/unmute)
[22.08.2022 20:07:10] [Info] [registered] /mute (fr34kyn01535.ChatControl.CommandMute/mute)
[22.08.2022 20:07:10] [Info] UnityEngine.CoreModule >> Adding UnturnedPlayerComponent: ChatControlPlayerComponent
[22.08.2022 20:07:10] [Info] 
[loading] Duty
[22.08.2022 20:07:10] [Info] [registered] /dutycheck (EFG.Duty.CommandDutycheck/DutyCheck)
[22.08.2022 20:07:10] [Info] [registered] /dc (EFG.Duty.CommandDutycheck/dc)
[22.08.2022 20:07:10] [Info] [registered] /duty (EFG.Duty.CommandDuty/duty)
[22.08.2022 20:07:10] [Info] [registered] /d (EFG.Duty.CommandDuty/d)
[22.08.2022 20:07:10] [Warning] Loading event "Player Connected"...
[22.08.2022 20:07:10] [Warning] Loading event "Player Disconnected"...
[22.08.2022 20:07:10] [Warning] 
[22.08.2022 20:07:10] [Warning] Duty has been successfully loaded!
[22.08.2022 20:07:10] [Info] 
[loading] FeexRanks
[22.08.2022 20:07:10] [Info] [registered] /list (Freenex.FeexRanks.Commands.CommandList/list)
[22.08.2022 20:07:10] [Info] [registered] /points (Freenex.FeexRanks.Commands.CommandPoints/points)
[22.08.2022 20:07:10] [Info] [registered] /rank (Freenex.FeexRanks.Commands.CommandRank/rank)
[22.08.2022 20:07:10] [Error] Could not find dependency: MySql.Data.resources, Version=8.0.18.0, Culture=ru-RU, PublicKeyToken=c5687fc88969c44d
[22.08.2022 20:07:10] [Error] Could not find dependency: MySql.Data.resources, Version=8.0.18.0, Culture=ru, PublicKeyToken=c5687fc88969c44d
[22.08.2022 20:07:10] [Error] FeexRanks >> Exception in FeexRanks: MySql.Data.MySqlClient.MySqlException (0x80004005): Authentication to host '127.0.0.1' for user 'unturned' using method 'mysql_native_password' failed with message: Access denied for user 'unturned'@'localhost' (using password: YES) ---> MySql.Data.MySqlClient.MySqlException (0x80004005): Access denied for user 'unturned'@'localhost' (using password: YES)
  at MySql.Data.MySqlClient.MySqlStream.ReadPacket () [0x00096] in <4f93ec5cee7d499da6a85a364813afe3>:0 
  at MySql.Data.MySqlClient.NativeDriver.ReadPacket () [0x00000] in <4f93ec5cee7d499da6a85a364813afe3>:0 
  at MySql.Data.MySqlClient.Authentication.MySqlAuthenticationPlugin.ReadPacket () [0x00000] in <4f93ec5cee7d499da6a85a364813afe3>:0 
  at MySql.Data.MySqlClient.Authentication.MySqlAuthenticationPlugin.AuthenticationFailed (System.Exception ex) [0x0003f] in <4f93ec5cee7d499da6a85a364813afe3>:0 
  at MySql.Data.MySqlClient.Authentication.MySqlAuthenticationPlugin.ReadPacket () [0x0000f] in <4f93ec5cee7d499da6a85a364813afe3>:0 
  at MySql.Data.MySqlClient.Authentication.MySqlAuthenticationPlugin.Authenticate (System.Boolean reset) [0x00097] in <4f93ec5cee7d499da6a85a364813afe3>:0 
  at MySql.Data.MySqlClient.NativeDriver.Authenticate (System.String authMethod, System.Boolean reset) [0x0002a] in <4f93ec5cee7d499da6a85a364813afe3>:0 
  at MySql.Data.MySqlClient.NativeDriver.Open () [0x00360] in <4f93ec5cee7d499da6a85a364813afe3>:0 
  at MySql.Data.MySqlClient.Driver.Open () [0x0000e] in <4f93ec5cee7d499da6a85a364813afe3>:0 
  at MySql.Data.MySqlClient.Driver.Create (MySql.Data.MySqlClient.MySqlConnectionStringBuilder settings) [0x0004e] in <4f93ec5cee7d499da6a85a364813afe3>:0 
  at MySql.Data.MySqlClient.MySqlPool.CreateNewPooledConnection () [0x00006] in <4f93ec5cee7d499da6a85a364813afe3>:0 
  at MySql.Data.MySqlClient.MySqlPool.GetPooledConnection () [0x0008a] in <4f93ec5cee7d499da6a85a364813afe3>:0 
  at MySql.Data.MySqlClient.MySqlPool.TryToGetDriver () [0x0003f] in <4f93ec5cee7d499da6a85a364813afe3>:0 
  at MySql.Data.MySqlClient.MySqlPool.GetConnection () [0x0001c] in <4f93ec5cee7d499da6a85a364813afe3>:0 
  at MySql.Data.MySqlClient.MySqlConnection.Open () [0x001f6] in <4f93ec5cee7d499da6a85a364813afe3>:0 
  at Freenex.FeexRanks.Database.DatabaseManager.ExecuteQuery (Freenex.FeexRanks.Database.EQueryType queryType, System.String query, MySql.Data.MySqlClient.MySqlParameter[] parameters) [0x00044] in <7615aedcb027464da545a4192a287b00>:0 
[22.08.2022 20:07:10] [Error] FeexRanks >> Exception in FeexRanks: MySql.Data.MySqlClient.MySqlException (0x80004005): Authentication to host '127.0.0.1' for user 'unturned' using method 'mysql_native_password' failed with message: Access denied for user 'unturned'@'localhost' (using password: YES) ---> MySql.Data.MySqlClient.MySqlException (0x80004005): Access denied for user 'unturned'@'localhost' (using password: YES)
  at MySql.Data.MySqlClient.MySqlStream.ReadPacket () [0x00096] in <4f93ec5cee7d499da6a85a364813afe3>:0 
  at MySql.Data.MySqlClient.NativeDriver.ReadPacket () [0x00000] in <4f93ec5cee7d499da6a85a364813afe3>:0 
  at MySql.Data.MySqlClient.Authentication.MySqlAuthenticationPlugin.ReadPacket () [0x00000] in <4f93ec5cee7d499da6a85a364813afe3>:0 
  at MySql.Data.MySqlClient.Authentication.MySqlAuthenticationPlugin.AuthenticationFailed (System.Exception ex) [0x0003f] in <4f93ec5cee7d499da6a85a364813afe3>:0 
  at MySql.Data.MySqlClient.Authentication.MySqlAuthenticationPlugin.ReadPacket () [0x0000f] in <4f93ec5cee7d499da6a85a364813afe3>:0 
  at MySql.Data.MySqlClient.Authentication.MySqlAuthenticationPlugin.Authenticate (System.Boolean reset) [0x00097] in <4f93ec5cee7d499da6a85a364813afe3>:0 
  at MySql.Data.MySqlClient.NativeDriver.Authenticate (System.String authMethod, System.Boolean reset) [0x0002a] in <4f93ec5cee7d499da6a85a364813afe3>:0 
  at MySql.Data.MySqlClient.NativeDriver.Open () [0x00360] in <4f93ec5cee7d499da6a85a364813afe3>:0 
  at MySql.Data.MySqlClient.Driver.Open () [0x0000e] in <4f93ec5cee7d499da6a85a364813afe3>:0 
  at MySql.Data.MySqlClient.Driver.Create (MySql.Data.MySqlClient.MySqlConnectionStringBuilder settings) [0x0004e] in <4f93ec5cee7d499da6a85a364813afe3>:0 
  at MySql.Data.MySqlClient.MySqlPool.CreateNewPooledConnection () [0x00006] in <4f93ec5cee7d499da6a85a364813afe3>:0 
  at MySql.Data.MySqlClient.MySqlPool.GetPooledConnection () [0x0008a] in <4f93ec5cee7d499da6a85a364813afe3>:0 
  at MySql.Data.MySqlClient.MySqlPool.TryToGetDriver () [0x0003f] in <4f93ec5cee7d499da6a85a364813afe3>:0 
  at MySql.Data.MySqlClient.MySqlPool.GetConnection () [0x0001c] in <4f93ec5cee7d499da6a85a364813afe3>:0 
  at MySql.Data.MySqlClient.MySqlConnection.Open () [0x001f6] in <4f93ec5cee7d499da6a85a364813afe3>:0 
  at Freenex.FeexRanks.Database.DatabaseManager.ExecuteQuery (Freenex.FeexRanks.Database.EQueryType queryType, System.String query, MySql.Data.MySqlClient.MySqlParameter[] parameters) [0x00044] in <7615aedcb027464da545a4192a287b00>:0 
[22.08.2022 20:07:10] [Info] Freenex's FeexRanks has been loaded!
[22.08.2022 20:07:10] [Info] 
[loading] RocketJobs
[22.08.2022 20:07:10] [Info] [registered] /acceptjob (Rocket_Jobs.CommandJobAccept/AcceptJob)
[22.08.2022 20:07:10] [Info] [registered] /aj (Rocket_Jobs.CommandJobAccept/AJ)
[22.08.2022 20:07:10] [Info] [registered] /ajob (Rocket_Jobs.CommandJobAccept/AJob)
[22.08.2022 20:07:10] [Info] [registered] /acceptj (Rocket_Jobs.CommandJobAccept/AcceptJ)
[22.08.2022 20:07:10] [Info] [registered] /jobadmin (Rocket_Jobs.CommandJobAdmin/JobAdmin)
[22.08.2022 20:07:10] [Info] [registered] /ja (Rocket_Jobs.CommandJobAdmin/JA)
[22.08.2022 20:07:10] [Info] [registered] /jadmin (Rocket_Jobs.CommandJobAdmin/JAdmin)
[22.08.2022 20:07:10] [Info] [registered] /joba (Rocket_Jobs.CommandJobAdmin/JobA)
[22.08.2022 20:07:10] [Info] [registered] /leavejob (Rocket_Jobs.CommandJobLeave/LeaveJob)
[22.08.2022 20:07:10] [Info] [registered] /ljob (Rocket_Jobs.CommandJobLeave/LJob)
[22.08.2022 20:07:10] [Info] [registered] /leavej (Rocket_Jobs.CommandJobLeave/LeaveJ)
[22.08.2022 20:07:10] [Info] [registered] /joinjob (Rocket_Jobs.CommandJoinApplyJob/JoinJob)
[22.08.2022 20:07:10] [Info] [registered] /jj (Rocket_Jobs.CommandJoinApplyJob/JJ)
[22.08.2022 20:07:10] [Info] [registered] /jjob (Rocket_Jobs.CommandJoinApplyJob/JJob)
[22.08.2022 20:07:10] [Info] [registered] /jobs (Rocket_Jobs.CommandJobs/Jobs)
[22.08.2022 20:07:10] [Info] [registered] /lj (Rocket_Jobs.CommandJobs/LJ)
[22.08.2022 20:07:10] [Info] [registered] /ljobs (Rocket_Jobs.CommandJobs/LJobs)
[22.08.2022 20:07:10] [Info] [registered] /listjobs (Rocket_Jobs.CommandJobs/ListJobs)
[22.08.2022 20:07:10] [Info] RocketJobs >> Jobs, build #6 has been loaded!
[22.08.2022 20:07:10] [Info] 
[loading] RocketTools
[22.08.2022 20:07:10] [Info] [registered] /rocketpermission (Bloodstone.Plugins.RocketTools.CommandRPerm/rocketpermission)
[22.08.2022 20:07:10] [Info] [registered] /rp (Bloodstone.Plugins.RocketTools.CommandRPerm/rp)
[22.08.2022 20:07:10] [Info] [registered] /rpermission (Bloodstone.Plugins.RocketTools.CommandRPerm/rpermission)
[22.08.2022 20:07:10] [Info] [registered] /rperm (Bloodstone.Plugins.RocketTools.CommandRPerm/rperm)
[22.08.2022 20:07:10] [Info] [registered] /rocketp (Bloodstone.Plugins.RocketTools.CommandRPerm/rocketp)
[22.08.2022 20:07:10] [Info] [registered] /rocketperm (Bloodstone.Plugins.RocketTools.CommandRPerm/rocketperm)
[22.08.2022 20:07:10] [Warning] RocketTools by persiafighter, build #4 has been loaded!
[22.08.2022 20:07:10] [Info] 
[loading] TNTCHAT
[22.08.2022 20:07:10] [Info] [registered] /sms (Ryan-_-Borland_Protector_v1ARyan-_-Borland_Protector_v1/sms)
[22.08.2022 20:07:10] [Info] [registered] /do (Ryan-_-Borland_Protector_v1eRyan-_-Borland_Protector_v1/do)
[22.08.2022 20:07:10] [Info] [registered] /nrp (Ryan-_-Borland_Protector_v1ERyan-_-Borland_Protector_v1/nrp)
[22.08.2022 20:07:10] [Info] 
[loading] Uconomy
[22.08.2022 20:07:10] [Info] [registered] /balance (fr34kyn01535.Uconomy.CommandBalance/balance)
[22.08.2022 20:07:10] [Info] [registered] /pay (fr34kyn01535.Uconomy.CommandPay/pay)
[22.08.2022 20:07:10] [Info] 
[loading] uEssentials
[22.08.2022 20:07:10] [Info] 
[loading] ZaupUconomyEssentials
[22.08.2022 20:07:10] [Info] [registered] /apay (ZaupUconomyEssentials.CommandApay/apay)
[22.08.2022 20:07:10] [Info] [registered] /exchange (ZaupUconomyEssentials.CommandExchange/exchange)
[22.08.2022 20:07:10] [Info] UnityEngine.CoreModule >> Adding UnturnedPlayerComponent: PlayerUe
[22.08.2022 20:07:10] [Info] This server will automatically save every 1800 seconds
[22.08.2022 20:07:10] [Info] Steam servers ready!
[22.08.2022 20:07:10] [Info] Workshop install folder: D:\Steam\steamapps\common\U3DS/Servers/AdmireRP/Workshop/Steam
[22.08.2022 20:07:10] [Info] 0 workshop item(s) requested
[22.08.2022 20:07:10] [Info] Loading level: 8%
[22.08.2022 20:07:11] [Info] Loading level: 16%
[22.08.2022 20:07:11] [Info] Loading level: 25%
[22.08.2022 20:07:11] [Info] Loading level: 33%
[22.08.2022 20:07:11] [Info] Loading level: 41%
[22.08.2022 20:07:11] [Info] Loading level: 50%
[22.08.2022 20:07:11] [Info] Loading level: 58%
[22.08.2022 20:07:11] [Info] Loading level: 66%
[22.08.2022 20:07:11] [Info] Loading level: 75%
[22.08.2022 20:07:11] [Info] Loading level: 83%
[22.08.2022 20:07:11] [Info] Loading level: 91%
[22.08.2022 20:07:11] [Info] Loading level: 100%
[22.08.2022 20:07:38] [Info] NULL was added to the group creator
[22.08.2022 20:08:04] [Info] Connecting: PlayerID: 76561198840708393 Name: Инкогнит Character: [Бандит] Incognit
[22.08.2022 20:08:04] [Info] Broadcast: [Бандит] Incognit вошел в систему и теперь находится на дежурстве.
[22.08.2022 20:08:04] [Error] FeexRanks >> Exception in FeexRanks: MySql.Data.MySqlClient.MySqlException (0x80004005): Authentication to host '127.0.0.1' for user 'unturned' using method 'mysql_native_password' failed with message: Access denied for user 'unturned'@'localhost' (using password: YES) ---> MySql.Data.MySqlClient.MySqlException (0x80004005): Access denied for user 'unturned'@'localhost' (using password: YES)
  at MySql.Data.MySqlClient.MySqlStream.ReadPacket () [0x00096] in <4f93ec5cee7d499da6a85a364813afe3>:0 
  at MySql.Data.MySqlClient.NativeDriver.ReadPacket () [0x00000] in <4f93ec5cee7d499da6a85a364813afe3>:0 
  at MySql.Data.MySqlClient.Authentication.MySqlAuthenticationPlugin.ReadPacket () [0x00000] in <4f93ec5cee7d499da6a85a364813afe3>:0 
  at MySql.Data.MySqlClient.Authentication.MySqlAuthenticationPlugin.AuthenticationFailed (System.Exception ex) [0x0003f] in <4f93ec5cee7d499da6a85a364813afe3>:0 
  at MySql.Data.MySqlClient.Authentication.MySqlAuthenticationPlugin.ReadPacket () [0x0000f] in <4f93ec5cee7d499da6a85a364813afe3>:0 
  at MySql.Data.MySqlClient.Authentication.MySqlAuthenticationPlugin.Authenticate (System.Boolean reset) [0x00097] in <4f93ec5cee7d499da6a85a364813afe3>:0 
  at MySql.Data.MySqlClient.NativeDriver.Authenticate (System.String authMethod, System.Boolean reset) [0x0002a] in <4f93ec5cee7d499da6a85a364813afe3>:0 
  at MySql.Data.MySqlClient.NativeDriver.Open () [0x00360] in <4f93ec5cee7d499da6a85a364813afe3>:0 
  at MySql.Data.MySqlClient.Driver.Open () [0x0000e] in <4f93ec5cee7d499da6a85a364813afe3>:0 
  at MySql.Data.MySqlClient.Driver.Create (MySql.Data.MySqlClient.MySqlConnectionStringBuilder settings) [0x0004e] in <4f93ec5cee7d499da6a85a364813afe3>:0 
  at MySql.Data.MySqlClient.MySqlPool.CreateNewPooledConnection () [0x00006] in <4f93ec5cee7d499da6a85a364813afe3>:0 
  at MySql.Data.MySqlClient.MySqlPool.GetPooledConnection () [0x0008a] in <4f93ec5cee7d499da6a85a364813afe3>:0 
  at MySql.Data.MySqlClient.MySqlPool.TryToGetDriver () [0x0003f] in <4f93ec5cee7d499da6a85a364813afe3>:0 
  at MySql.Data.MySqlClient.MySqlPool.GetConnection () [0x0001c] in <4f93ec5cee7d499da6a85a364813afe3>:0 
  at MySql.Data.MySqlClient.MySqlConnection.Open () [0x001f6] in <4f93ec5cee7d499da6a85a364813afe3>:0 
  at Freenex.FeexRanks.Database.DatabaseManager.ExecuteQuery (Freenex.FeexRanks.Database.EQueryType queryType, System.String query, MySql.Data.MySqlClient.MySqlParameter[] parameters) [0x00044] in <7615aedcb027464da545a4192a287b00>:0 
[22.08.2022 20:08:04] [Error] Error in MulticastDelegate PlayerConnected: System.Reflection.TargetInvocationException: Exception has been thrown by the target of an invocation. ---> System.NullReferenceException: Object reference not set to an instance of an object
  at Freenex.FeexRanks.FeexRanks.Events_OnPlayerConnected (Rocket.Unturned.Player.UnturnedPlayer player) [0x00058] in <7615aedcb027464da545a4192a287b00>:0 
  at (wrapper managed-to-native) System.Reflection.MonoMethod.InternalInvoke(System.Reflection.MonoMethod,object,object[],System.Exception&)
  at System.Reflection.MonoMethod.Invoke (System.Object obj, System.Reflection.BindingFlags invokeAttr, System.Reflection.Binder binder, System.Object[] parameters, System.Globalization.CultureInfo culture) [0x00032] in <695d1cc93cca45069c528c15c9fdd749>:0 
   --- End of inner exception stack trace ---
  at System.Reflection.MonoMethod.Invoke (System.Object obj, System.Reflection.BindingFlags invokeAttr, System.Reflection.Binder binder, System.Object[] parameters, System.Globalization.CultureInfo culture) [0x00048] in <695d1cc93cca45069c528c15c9fdd749>:0 
  at System.Reflection.MethodBase.Invoke (System.Object obj, System.Object[] parameters) [0x00000] in <695d1cc93cca45069c528c15c9fdd749>:0 
  at System.Delegate.DynamicInvokeImpl (System.Object[] args) [0x000e7] in <695d1cc93cca45069c528c15c9fdd749>:0 
  at System.MulticastDelegate.DynamicInvokeImpl (System.Object[] args) [0x00008] in <695d1cc93cca45069c528c15c9fdd749>:0 
  at System.Delegate.DynamicInvoke (System.Object[] args) [0x00000] in <695d1cc93cca45069c528c15c9fdd749>:0 
  at Rocket.Core.Extensions.MulticastDelegateExtension.TryInvoke (System.MulticastDelegate theDelegate, System.Object[] args) [0x00013] in <59a13feb721848c8b0cd173f6d0e820b>:0 
[22.08.2022 20:08:04] [Error] FeexRanks >> Exception in FeexRanks: MySql.Data.MySqlClient.MySqlException (0x80004005): Authentication to host '127.0.0.1' for user 'unturned' using method 'mysql_native_password' failed with message: Access denied for user 'unturned'@'localhost' (using password: YES) ---> MySql.Data.MySqlClient.MySqlException (0x80004005): Access denied for user 'unturned'@'localhost' (using password: YES)
  at MySql.Data.MySqlClient.MySqlStream.ReadPacket () [0x00096] in <4f93ec5cee7d499da6a85a364813afe3>:0 
  at MySql.Data.MySqlClient.NativeDriver.ReadPacket () [0x00000] in <4f93ec5cee7d499da6a85a364813afe3>:0 
  at MySql.Data.MySqlClient.Authentication.MySqlAuthenticationPlugin.ReadPacket () [0x00000] in <4f93ec5cee7d499da6a85a364813afe3>:0 
  at MySql.Data.MySqlClient.Authentication.MySqlAuthenticationPlugin.AuthenticationFailed (System.Exception ex) [0x0003f] in <4f93ec5cee7d499da6a85a364813afe3>:0 
  at MySql.Data.MySqlClient.Authentication.MySqlAuthenticationPlugin.ReadPacket () [0x0000f] in <4f93ec5cee7d499da6a85a364813afe3>:0 
  at MySql.Data.MySqlClient.Authentication.MySqlAuthenticationPlugin.Authenticate (System.Boolean reset) [0x00097] in <4f93ec5cee7d499da6a85a364813afe3>:0 
  at MySql.Data.MySqlClient.NativeDriver.Authenticate (System.String authMethod, System.Boolean reset) [0x0002a] in <4f93ec5cee7d499da6a85a364813afe3>:0 
  at MySql.Data.MySqlClient.NativeDriver.Open () [0x00360] in <4f93ec5cee7d499da6a85a364813afe3>:0 
  at MySql.Data.MySqlClient.Driver.Open () [0x0000e] in <4f93ec5cee7d499da6a85a364813afe3>:0 
  at MySql.Data.MySqlClient.Driver.Create (MySql.Data.MySqlClient.MySqlConnectionStringBuilder settings) [0x0004e] in <4f93ec5cee7d499da6a85a364813afe3>:0 
  at MySql.Data.MySqlClient.MySqlPool.CreateNewPooledConnection () [0x00006] in <4f93ec5cee7d499da6a85a364813afe3>:0 
  at MySql.Data.MySqlClient.MySqlPool.GetPooledConnection () [0x0008a] in <4f93ec5cee7d499da6a85a364813afe3>:0 
  at MySql.Data.MySqlClient.MySqlPool.TryToGetDriver () [0x0003f] in <4f93ec5cee7d499da6a85a364813afe3>:0 
  at MySql.Data.MySqlClient.MySqlPool.GetConnection () [0x0001c] in <4f93ec5cee7d499da6a85a364813afe3>:0 
  at MySql.Data.MySqlClient.MySqlConnection.Open () [0x001f6] in <4f93ec5cee7d499da6a85a364813afe3>:0 
  at Freenex.FeexRanks.Database.DatabaseManager.ExecuteQuery (Freenex.FeexRanks.Database.EQueryType queryType, System.String query, MySql.Data.MySqlClient.MySqlParameter[] parameters) [0x00044] in <7615aedcb027464da545a4192a287b00>:0 
[22.08.2022 20:08:55] [Info] [World] [Бандит] Incognit [Инкогнит]: "/apay"
[22.08.2022 20:09:00] [Info] [World] [Бандит] Incognit [Инкогнит]: "/balance"
[22.08.2022 20:09:14] [Info] [Бандит] Incognit [Инкогнит] killed themself.
[22.08.2022 20:09:17] [Info] [World] [Бандит] Incognit [Инкогнит]: "/balance"
[22.08.2022 20:09:38] [Info] [World] [Бандит] Incognit [Инкогнит]: "/exchanged"
[22.08.2022 20:09:49] [Info] [World] [Бандит] Incognit [Инкогнит]: "/exchange"
[22.08.2022 20:10:03] [Info] [World] [Бандит] Incognit [Инкогнит]: "/exchange 10"
[22.08.2022 20:11:01] [Info] Broadcast: admin_logout_message
[22.08.2022 20:11:01] [Info] Broadcast: admin_logout_message
[22.08.2022 20:13:19] [Info] Disconnecting: PlayerID: 76561198840708393 Name: Инкогнит Character: [Бандит] Incognit
[22.08.2022 20:13:19] [Info] 
[unloading] RocketTools
