[21.08.2022 11:31:51] [Info] [registered] /more (Rocket.Unturned.Commands.CommandMore/more)
[21.08.2022 11:31:51] [Info] [registered] /admin (Rocket.Unturned.Commands.CommandAdmin/admin)
[21.08.2022 11:31:51] [Info] [registered] /broadcast (Rocket.Unturned.Commands.CommandBroadcast/broadcast)
[21.08.2022 11:31:51] [Info] [registered] /compass (Rocket.Unturned.Commands.CommandCompass/compass)
[21.08.2022 11:31:51] [Info] [registered] /effect (Rocket.Unturned.Commands.CommandEffect/effect)
[21.08.2022 11:31:51] [Info] [registered] /exit (Rocket.Unturned.Commands.CommandExit/exit)
[21.08.2022 11:31:51] [Info] [registered] /god (Rocket.Unturned.Commands.CommandGod/god)
[21.08.2022 11:31:51] [Info] [registered] /heal (Rocket.Unturned.Commands.CommandHeal/heal)
[21.08.2022 11:31:51] [Info] [registered] /help (Rocket.Unturned.Commands.CommandHelp/help)
[21.08.2022 11:31:51] [Info] [registered] /home (Rocket.Unturned.Commands.CommandHome/home)
[21.08.2022 11:31:51] [Info] [registered] /i (Rocket.Unturned.Commands.CommandI/i)
[21.08.2022 11:31:51] [Info] [registered] /item (Rocket.Unturned.Commands.CommandI/item)
[21.08.2022 11:31:51] [Info] [registered] /investigate (Rocket.Unturned.Commands.CommandInvestigate/investigate)
[21.08.2022 11:31:51] [Info] [registered] /p (Rocket.Unturned.Commands.CommandP/p)
[21.08.2022 11:31:51] [Info] [registered] /permissions (Rocket.Unturned.Commands.CommandP/permissions)
[21.08.2022 11:31:51] [Info] [registered] /rocket (Rocket.Unturned.Commands.CommandRocket/rocket)
[21.08.2022 11:31:51] [Info] [registered] /tp (Rocket.Unturned.Commands.CommandTp/tp)
[21.08.2022 11:31:51] [Info] [registered] /tphere (Rocket.Unturned.Commands.CommandTphere/tphere)
[21.08.2022 11:31:51] [Info] [registered] /unadmin (Rocket.Unturned.Commands.CommandUnadmin/unadmin)
[21.08.2022 11:31:51] [Info] [registered] /v (Rocket.Unturned.Commands.CommandV/v)
[21.08.2022 11:31:51] [Info] [registered] /vanish (Rocket.Unturned.Commands.CommandVanish/vanish)
[21.08.2022 11:31:51] [Info] Loading ChatControl from D:\Steam\steamapps\common\U3DS\Servers\AdmireRP\Rocket\Plugins\ChatControl.dll
[21.08.2022 11:31:51] [Info] Loading FeexRanks from D:\Steam\steamapps\common\U3DS\Servers\AdmireRP\Rocket\Plugins\FeexRanks.dll
[21.08.2022 11:31:51] [Info] Loading RocketJobs from D:\Steam\steamapps\common\U3DS\Servers\AdmireRP\Rocket\Plugins\RocketJobs.dll
[21.08.2022 11:31:51] [Info] Loading RocketTools from D:\Steam\steamapps\common\U3DS\Servers\AdmireRP\Rocket\Plugins\RocketTools.dll
[21.08.2022 11:31:51] [Info] Loading Uconomy from D:\Steam\steamapps\common\U3DS\Servers\AdmireRP\Rocket\Plugins\Uconomy.dll
[21.08.2022 11:31:51] [Info] Loading uEssentials from D:\Steam\steamapps\common\U3DS\Servers\AdmireRP\Rocket\Plugins\uEssentials.dll
[21.08.2022 11:31:52] [Info] 
[loading] ChatControl
[21.08.2022 11:31:52] [Info] [registered] /unmute (fr34kyn01535.ChatControl.CommandUnmute/unmute)
[21.08.2022 11:31:52] [Info] [registered] /mute (fr34kyn01535.ChatControl.CommandMute/mute)
[21.08.2022 11:31:52] [Info] UnityEngine.CoreModule >> Adding UnturnedPlayerComponent: ChatControlPlayerComponent
[21.08.2022 11:31:52] [Info] 
[loading] FeexRanks
[21.08.2022 11:31:52] [Info] [registered] /list (Freenex.FeexRanks.Commands.CommandList/list)
[21.08.2022 11:31:52] [Info] [registered] /points (Freenex.FeexRanks.Commands.CommandPoints/points)
[21.08.2022 11:31:52] [Info] [registered] /rank (Freenex.FeexRanks.Commands.CommandRank/rank)
[21.08.2022 11:31:52] [Error] Could not find dependency: MySql.Data.resources, Version=8.0.18.0, Culture=ru-RU, PublicKeyToken=c5687fc88969c44d
[21.08.2022 11:31:52] [Error] Could not find dependency: MySql.Data.resources, Version=8.0.18.0, Culture=ru, PublicKeyToken=c5687fc88969c44d
[21.08.2022 11:31:52] [Error] FeexRanks >> Exception in FeexRanks: MySql.Data.MySqlClient.MySqlException (0x80004005): Authentication to host '127.0.0.1' for user 'unturned' using method 'mysql_native_password' failed with message: Access denied for user 'unturned'@'localhost' (using password: YES) ---> MySql.Data.MySqlClient.MySqlException (0x80004005): Access denied for user 'unturned'@'localhost' (using password: YES)
  at MySql.Data.MySqlClient.MySqlStream.ReadPacket () [0x00096] in <4f93ec5cee7d499da6a85a364813afe3>:0 
  at MySql.Data.MySqlClient.NativeDriver.ReadPacket () [0x00000] in <4f93ec5cee7d499da6a85a364813afe3>:0 
  at MySql.Data.MySqlClient.Authentication.MySqlAuthenticationPlugin.ReadPacket () [0x00000] in <4f93ec5cee7d499da6a85a364813afe3>:0 
  at MySql.Data.MySqlClient.Authentication.MySqlAuthenticationPlugin.AuthenticationFailed (System.Exception ex) [0x0003f] in <4f93ec5cee7d499da6a85a364813afe3>:0 
  at MySql.Data.MySqlClient.Authentication.MySqlAuthenticationPlugin.ReadPacket () [0x0000f] in <4f93ec5cee7d499da6a85a364813afe3>:0 
  at MySql.Data.MySqlClient.Authentication.MySqlAuthenticationPlugin.Authenticate (System.Boolean reset) [0x00097] in <4f93ec5cee7d499da6a85a364813afe3>:0 
  at MySql.Data.MySqlClient.NativeDriver.Authenticate (System.String authMethod, System.Boolean reset) [0x0002a] in <4f93ec5cee7d499da6a85a364813afe3>:0 
  at MySql.Data.MySqlClient.NativeDriver.Open () [0x00360] in <4f93ec5cee7d499da6a85a364813afe3>:0 
  at MySql.Data.MySqlClient.Driver.Open () [0x0000e] in <4f93ec5cee7d499da6a85a364813afe3>:0 
  at MySql.Data.MySqlClient.Driver.Create (MySql.Data.MySqlClient.MySqlConnectionStringBuilder settings) [0x0004e] in <4f93ec5cee7d499da6a85a364813afe3>:0 
  at MySql.Data.MySqlClient.MySqlPool.CreateNewPooledConnection () [0x00006] in <4f93ec5cee7d499da6a85a364813afe3>:0 
  at MySql.Data.MySqlClient.MySqlPool.GetPooledConnection () [0x0008a] in <4f93ec5cee7d499da6a85a364813afe3>:0 
  at MySql.Data.MySqlClient.MySqlPool.TryToGetDriver () [0x0003f] in <4f93ec5cee7d499da6a85a364813afe3>:0 
  at MySql.Data.MySqlClient.MySqlPool.GetConnection () [0x0001c] in <4f93ec5cee7d499da6a85a364813afe3>:0 
  at MySql.Data.MySqlClient.MySqlConnection.Open () [0x001f6] in <4f93ec5cee7d499da6a85a364813afe3>:0 
  at Freenex.FeexRanks.Database.DatabaseManager.ExecuteQuery (Freenex.FeexRanks.Database.EQueryType queryType, System.String query, MySql.Data.MySqlClient.MySqlParameter[] parameters) [0x00044] in <7615aedcb027464da545a4192a287b00>:0 
[21.08.2022 11:31:52] [Error] FeexRanks >> Exception in FeexRanks: MySql.Data.MySqlClient.MySqlException (0x80004005): Authentication to host '127.0.0.1' for user 'unturned' using method 'mysql_native_password' failed with message: Access denied for user 'unturned'@'localhost' (using password: YES) ---> MySql.Data.MySqlClient.MySqlException (0x80004005): Access denied for user 'unturned'@'localhost' (using password: YES)
  at MySql.Data.MySqlClient.MySqlStream.ReadPacket () [0x00096] in <4f93ec5cee7d499da6a85a364813afe3>:0 
  at MySql.Data.MySqlClient.NativeDriver.ReadPacket () [0x00000] in <4f93ec5cee7d499da6a85a364813afe3>:0 
  at MySql.Data.MySqlClient.Authentication.MySqlAuthenticationPlugin.ReadPacket () [0x00000] in <4f93ec5cee7d499da6a85a364813afe3>:0 
  at MySql.Data.MySqlClient.Authentication.MySqlAuthenticationPlugin.AuthenticationFailed (System.Exception ex) [0x0003f] in <4f93ec5cee7d499da6a85a364813afe3>:0 
  at MySql.Data.MySqlClient.Authentication.MySqlAuthenticationPlugin.ReadPacket () [0x0000f] in <4f93ec5cee7d499da6a85a364813afe3>:0 
  at MySql.Data.MySqlClient.Authentication.MySqlAuthenticationPlugin.Authenticate (System.Boolean reset) [0x00097] in <4f93ec5cee7d499da6a85a364813afe3>:0 
  at MySql.Data.MySqlClient.NativeDriver.Authenticate (System.String authMethod, System.Boolean reset) [0x0002a] in <4f93ec5cee7d499da6a85a364813afe3>:0 
  at MySql.Data.MySqlClient.NativeDriver.Open () [0x00360] in <4f93ec5cee7d499da6a85a364813afe3>:0 
  at MySql.Data.MySqlClient.Driver.Open () [0x0000e] in <4f93ec5cee7d499da6a85a364813afe3>:0 
  at MySql.Data.MySqlClient.Driver.Create (MySql.Data.MySqlClient.MySqlConnectionStringBuilder settings) [0x0004e] in <4f93ec5cee7d499da6a85a364813afe3>:0 
  at MySql.Data.MySqlClient.MySqlPool.CreateNewPooledConnection () [0x00006] in <4f93ec5cee7d499da6a85a364813afe3>:0 
  at MySql.Data.MySqlClient.MySqlPool.GetPooledConnection () [0x0008a] in <4f93ec5cee7d499da6a85a364813afe3>:0 
  at MySql.Data.MySqlClient.MySqlPool.TryToGetDriver () [0x0003f] in <4f93ec5cee7d499da6a85a364813afe3>:0 
  at MySql.Data.MySqlClient.MySqlPool.GetConnection () [0x0001c] in <4f93ec5cee7d499da6a85a364813afe3>:0 
  at MySql.Data.MySqlClient.MySqlConnection.Open () [0x001f6] in <4f93ec5cee7d499da6a85a364813afe3>:0 
  at Freenex.FeexRanks.Database.DatabaseManager.ExecuteQuery (Freenex.FeexRanks.Database.EQueryType queryType, System.String query, MySql.Data.MySqlClient.MySqlParameter[] parameters) [0x00044] in <7615aedcb027464da545a4192a287b00>:0 
[21.08.2022 11:31:52] [Info] Freenex's FeexRanks has been loaded!
[21.08.2022 11:31:52] [Info] 
[loading] RocketJobs
[21.08.2022 11:31:52] [Info] [registered] /acceptjob (Rocket_Jobs.CommandJobAccept/AcceptJob)
[21.08.2022 11:31:52] [Info] [registered] /aj (Rocket_Jobs.CommandJobAccept/AJ)
[21.08.2022 11:31:52] [Info] [registered] /ajob (Rocket_Jobs.CommandJobAccept/AJob)
[21.08.2022 11:31:52] [Info] [registered] /acceptj (Rocket_Jobs.CommandJobAccept/AcceptJ)
[21.08.2022 11:31:52] [Info] [registered] /jobadmin (Rocket_Jobs.CommandJobAdmin/JobAdmin)
[21.08.2022 11:31:52] [Info] [registered] /ja (Rocket_Jobs.CommandJobAdmin/JA)
[21.08.2022 11:31:52] [Info] [registered] /jadmin (Rocket_Jobs.CommandJobAdmin/JAdmin)
[21.08.2022 11:31:52] [Info] [registered] /joba (Rocket_Jobs.CommandJobAdmin/JobA)
[21.08.2022 11:31:52] [Info] [registered] /leavejob (Rocket_Jobs.CommandJobLeave/LeaveJob)
[21.08.2022 11:31:52] [Info] [registered] /ljob (Rocket_Jobs.CommandJobLeave/LJob)
[21.08.2022 11:31:52] [Info] [registered] /leavej (Rocket_Jobs.CommandJobLeave/LeaveJ)
[21.08.2022 11:31:52] [Info] [registered] /joinjob (Rocket_Jobs.CommandJoinApplyJob/JoinJob)
[21.08.2022 11:31:52] [Info] [registered] /jj (Rocket_Jobs.CommandJoinApplyJob/JJ)
[21.08.2022 11:31:52] [Info] [registered] /jjob (Rocket_Jobs.CommandJoinApplyJob/JJob)
[21.08.2022 11:31:52] [Info] [registered] /jobs (Rocket_Jobs.CommandJobs/Jobs)
[21.08.2022 11:31:52] [Info] [registered] /lj (Rocket_Jobs.CommandJobs/LJ)
[21.08.2022 11:31:52] [Info] [registered] /ljobs (Rocket_Jobs.CommandJobs/LJobs)
[21.08.2022 11:31:52] [Info] [registered] /listjobs (Rocket_Jobs.CommandJobs/ListJobs)
[21.08.2022 11:31:52] [Info] RocketJobs >> Jobs, build #6 has been loaded!
[21.08.2022 11:31:52] [Info] 
[loading] RocketTools
[21.08.2022 11:31:52] [Info] [registered] /rocketpermission (Bloodstone.Plugins.RocketTools.CommandRPerm/rocketpermission)
[21.08.2022 11:31:52] [Info] [registered] /rp (Bloodstone.Plugins.RocketTools.CommandRPerm/rp)
[21.08.2022 11:31:52] [Info] [registered] /rpermission (Bloodstone.Plugins.RocketTools.CommandRPerm/rpermission)
[21.08.2022 11:31:52] [Info] [registered] /rperm (Bloodstone.Plugins.RocketTools.CommandRPerm/rperm)
[21.08.2022 11:31:52] [Info] [registered] /rocketp (Bloodstone.Plugins.RocketTools.CommandRPerm/rocketp)
[21.08.2022 11:31:52] [Info] [registered] /rocketperm (Bloodstone.Plugins.RocketTools.CommandRPerm/rocketperm)
[21.08.2022 11:31:52] [Warning] RocketTools by persiafighter, build #4 has been loaded!
[21.08.2022 11:31:52] [Info] 
[loading] Uconomy
[21.08.2022 11:31:52] [Info] [registered] /balance (fr34kyn01535.Uconomy.CommandBalance/balance)
[21.08.2022 11:31:52] [Info] [registered] /pay (fr34kyn01535.Uconomy.CommandPay/pay)
[21.08.2022 11:31:52] [Info] 
[loading] uEssentials
[21.08.2022 11:31:52] [Info] This server will automatically save every 1800 seconds
[21.08.2022 11:31:52] [Info] Steam servers ready!
[21.08.2022 11:31:52] [Info] Workshop install folder: D:\Steam\steamapps\common\U3DS/Servers/AdmireRP/Workshop/Steam
[21.08.2022 11:31:53] [Info] 0 workshop item(s) requested
[21.08.2022 11:31:53] [Info] Loading level: 8%
[21.08.2022 11:31:53] [Info] Loading level: 16%
[21.08.2022 11:31:54] [Info] Loading level: 25%
[21.08.2022 11:31:54] [Info] Loading level: 33%
[21.08.2022 11:31:54] [Info] Loading level: 41%
[21.08.2022 11:31:54] [Info] Loading level: 50%
[21.08.2022 11:31:54] [Info] Loading level: 58%
[21.08.2022 11:31:54] [Info] Loading level: 66%
[21.08.2022 11:31:54] [Info] Loading level: 75%
[21.08.2022 11:31:54] [Info] Loading level: 83%
[21.08.2022 11:31:54] [Info] Loading level: 91%
[21.08.2022 11:31:54] [Info] Loading level: 100%
[21.08.2022 11:45:59] [Info] 
[unloading] FeexRanks
